Figwheel: focusing on build-ids (dev)
[0mCompiling "resources/public/js/compiled/app.js" from ["src/cljs"]...
[32mSuccessfully compiled "resources/public/js/compiled/app.js" in 0.312 seconds.[0m
notifying browser that file changed:  resources/public/js/compiled/out/goog/deps.js
notifying browser that file changed:  resources/public/js/compiled/out/cljs_deps.js
notifying browser that file changed:  /hearsay/core.js
[0mCompiling "resources/public/js/compiled/app.js" from ["src/cljs"]...
[32mSuccessfully compiled "resources/public/js/compiled/app.js" in 0.175 seconds.[0m
notifying browser that file changed:  resources/public/js/compiled/out/cljs_deps.js
notifying browser that file changed:  /hearsay/core.js
[0mCompiling "resources/public/js/compiled/app.js" from ["src/cljs"]...
[32mSuccessfully compiled "resources/public/js/compiled/app.js" in 0.129 seconds.[0m
notifying browser that file changed:  /hearsay/core.js
[0mCompiling "resources/public/js/compiled/app.js" from ["src/cljs"]...
[32mSuccessfully compiled "resources/public/js/compiled/app.js" in 0.308 seconds.[0m
notifying browser that file changed:  /hearsay/core.js
[0mCompiling "resources/public/js/compiled/app.js" from ["src/cljs"]...
[32mSuccessfully compiled "resources/public/js/compiled/app.js" in 0.349 seconds.[0m
notifying browser that file changed:  /hearsay/core.js
[0mCompiling "resources/public/js/compiled/app.js" from ["src/cljs"]...
[32mSuccessfully compiled "resources/public/js/compiled/app.js" in 0.232 seconds.[0m
notifying browser that file changed:  /hearsay/core.js
[0mCompiling "resources/public/js/compiled/app.js" from ["src/cljs"]...
[32mSuccessfully compiled "resources/public/js/compiled/app.js" in 0.177 seconds.[0m
notifying browser that file changed:  /hearsay/core.js
[0mCompiling "resources/public/js/compiled/app.js" from ["src/cljs"]...
[32mSuccessfully compiled "resources/public/js/compiled/app.js" in 0.186 seconds.[0m
notifying browser that file changed:  /hearsay/core.js
[0mCompiling "resources/public/js/compiled/app.js" from ["src/cljs"]...
[32mSuccessfully compiled "resources/public/js/compiled/app.js" in 0.484 seconds.[0m
notifying browser that file changed:  /hearsay/core.js
[0mCompiling "resources/public/js/compiled/app.js" from ["src/cljs"]...
[32mSuccessfully compiled "resources/public/js/compiled/app.js" in 0.182 seconds.[0m
notifying browser that file changed:  /hearsay/core.js
[0mCompiling "resources/public/js/compiled/app.js" from ["src/cljs"]...
[32mSuccessfully compiled "resources/public/js/compiled/app.js" in 0.116 seconds.[0m
notifying browser that file changed:  /hearsay/core.js
[0mCompiling "resources/public/js/compiled/app.js" from ["src/cljs"]...
[32mSuccessfully compiled "resources/public/js/compiled/app.js" in 0.177 seconds.[0m
notifying browser that file changed:  /hearsay/core.js
[0mCompiling "resources/public/js/compiled/app.js" from ["src/cljs"]...
[32mSuccessfully compiled "resources/public/js/compiled/app.js" in 0.285 seconds.[0m
notifying browser that file changed:  /hearsay/core.js
[0mCompiling "resources/public/js/compiled/app.js" from ["src/cljs"]...
[32mSuccessfully compiled "resources/public/js/compiled/app.js" in 0.111 seconds.[0m
notifying browser that file changed:  /hearsay/core.js
[0mCompiling "resources/public/js/compiled/app.js" from ["src/cljs"]...
[32mSuccessfully compiled "resources/public/js/compiled/app.js" in 0.115 seconds.[0m
notifying browser that file changed:  /hearsay/core.js
[0mCompiling "resources/public/js/compiled/app.js" from ["src/cljs"]...
[32mSuccessfully compiled "resources/public/js/compiled/app.js" in 0.104 seconds.[0m
notifying browser that file changed:  /hearsay/core.js
[0mCompiling "resources/public/js/compiled/app.js" from ["src/cljs"]...
[32mSuccessfully compiled "resources/public/js/compiled/app.js" in 0.145 seconds.[0m
notifying browser that file changed:  /hearsay/core.js
[0mCompiling "resources/public/js/compiled/app.js" from ["src/cljs"]...
[32mSuccessfully compiled "resources/public/js/compiled/app.js" in 0.155 seconds.[0m
notifying browser that file changed:  /hearsay/core.js
[0mCompiling "resources/public/js/compiled/app.js" from ["src/cljs"]...
[32mSuccessfully compiled "resources/public/js/compiled/app.js" in 0.119 seconds.[0m
notifying browser that file changed:  /hearsay/core.js
[0mCompiling "resources/public/js/compiled/app.js" from ["src/cljs"]...
[32mSuccessfully compiled "resources/public/js/compiled/app.js" in 0.104 seconds.[0m
notifying browser that file changed:  /hearsay/core.js
[0mCompiling "resources/public/js/compiled/app.js" from ["src/cljs"]...
[32mSuccessfully compiled "resources/public/js/compiled/app.js" in 0.118 seconds.[0m
notifying browser that file changed:  /hearsay/core.js
[0mCompiling "resources/public/js/compiled/app.js" from ["src/cljs"]...
[32mSuccessfully compiled "resources/public/js/compiled/app.js" in 0.186 seconds.[0m
notifying browser that file changed:  /hearsay/core.js
[0mCompiling "resources/public/js/compiled/app.js" from ["src/cljs"]...
[32mSuccessfully compiled "resources/public/js/compiled/app.js" in 0.165 seconds.[0m
notifying browser that file changed:  /hearsay/core.js
[0mCompiling "resources/public/js/compiled/app.js" from ["src/cljs"]...
[32mSuccessfully compiled "resources/public/js/compiled/app.js" in 0.177 seconds.[0m
notifying browser that file changed:  /hearsay/core.js
[0mCompiling "resources/public/js/compiled/app.js" from ["src/cljs"]...
[32mSuccessfully compiled "resources/public/js/compiled/app.js" in 0.173 seconds.[0m
notifying browser that file changed:  /hearsay/core.js
[0mCompiling "resources/public/js/compiled/app.js" from ["src/cljs"]...
[32mSuccessfully compiled "resources/public/js/compiled/app.js" in 0.154 seconds.[0m
notifying browser that file changed:  /hearsay/core.js
[0mCompiling "resources/public/js/compiled/app.js" from ["src/cljs"]...
[32mSuccessfully compiled "resources/public/js/compiled/app.js" in 0.116 seconds.[0m
notifying browser that file changed:  /hearsay/core.js
[0mCompiling "resources/public/js/compiled/app.js" from ["src/cljs"]...
[32mSuccessfully compiled "resources/public/js/compiled/app.js" in 0.129 seconds.[0m
notifying browser that file changed:  /hearsay/core.js
[0mCompiling "resources/public/js/compiled/app.js" from ["src/cljs"]...
[32mSuccessfully compiled "resources/public/js/compiled/app.js" in 0.105 seconds.[0m
notifying browser that file changed:  /hearsay/core.js
[0mCompiling "resources/public/js/compiled/app.js" from ["src/cljs"]...
[32mSuccessfully compiled "resources/public/js/compiled/app.js" in 0.141 seconds.[0m
notifying browser that file changed:  /hearsay/core.js
[0mCompiling "resources/public/js/compiled/app.js" from ["src/cljs"]...
[32mSuccessfully compiled "resources/public/js/compiled/app.js" in 0.094 seconds.[0m
notifying browser that file changed:  /hearsay/core.js
[0mCompiling "resources/public/js/compiled/app.js" from ["src/cljs"]...
[32mSuccessfully compiled "resources/public/js/compiled/app.js" in 0.103 seconds.[0m
notifying browser that file changed:  /hearsay/core.js
[0mCompiling "resources/public/js/compiled/app.js" from ["src/cljs"]...
[32mSuccessfully compiled "resources/public/js/compiled/app.js" in 0.128 seconds.[0m
notifying browser that file changed:  /hearsay/core.js
[0mCompiling "resources/public/js/compiled/app.js" from ["src/cljs"]...
[32mSuccessfully compiled "resources/public/js/compiled/app.js" in 0.143 seconds.[0m
notifying browser that file changed:  /hearsay/core.js
[0mCompiling "resources/public/js/compiled/app.js" from ["src/cljs"]...
[32mSuccessfully compiled "resources/public/js/compiled/app.js" in 0.104 seconds.[0m
notifying browser that file changed:  /hearsay/core.js
[0mCompiling "resources/public/js/compiled/app.js" from ["src/cljs"]...
[32mSuccessfully compiled "resources/public/js/compiled/app.js" in 0.107 seconds.[0m
notifying browser that file changed:  /hearsay/core.js
[0mCompiling "resources/public/js/compiled/app.js" from ["src/cljs"]...
[32mSuccessfully compiled "resources/public/js/compiled/app.js" in 0.143 seconds.[0m
notifying browser that file changed:  /hearsay/core.js
[0mCompiling "resources/public/js/compiled/app.js" from ["src/cljs"]...
[32mSuccessfully compiled "resources/public/js/compiled/app.js" in 0.103 seconds.[0m
notifying browser that file changed:  /hearsay/core.js
[0mCompiling "resources/public/js/compiled/app.js" from ["src/cljs"]...
[32mSuccessfully compiled "resources/public/js/compiled/app.js" in 0.108 seconds.[0m
notifying browser that file changed:  /hearsay/core.js
[0mCompiling "resources/public/js/compiled/app.js" from ["src/cljs"]...
[32mSuccessfully compiled "resources/public/js/compiled/app.js" in 0.193 seconds.[0m
notifying browser that file changed:  /hearsay/core.js
[0mCompiling "resources/public/js/compiled/app.js" from ["src/cljs"]...
[32mSuccessfully compiled "resources/public/js/compiled/app.js" in 0.241 seconds.[0m
notifying browser that file changed:  /hearsay/core.js
[0mCompiling "resources/public/js/compiled/app.js" from ["src/cljs"]...
[32mSuccessfully compiled "resources/public/js/compiled/app.js" in 0.129 seconds.[0m
notifying browser that file changed:  /hearsay/core.js
[0mCompiling "resources/public/js/compiled/app.js" from ["src/cljs"]...
[32mSuccessfully compiled "resources/public/js/compiled/app.js" in 0.133 seconds.[0m
notifying browser that file changed:  /hearsay/core.js
[0mCompiling "resources/public/js/compiled/app.js" from ["src/cljs"]...
[32mSuccessfully compiled "resources/public/js/compiled/app.js" in 0.308 seconds.[0m
notifying browser that file changed:  /hearsay/core.js
[0mCompiling "resources/public/js/compiled/app.js" from ["src/cljs"]...
[32mSuccessfully compiled "resources/public/js/compiled/app.js" in 0.236 seconds.[0m
notifying browser that file changed:  /hearsay/core.js
[0mCompiling "resources/public/js/compiled/app.js" from ["src/cljs"]...
[32mSuccessfully compiled "resources/public/js/compiled/app.js" in 0.215 seconds.[0m
notifying browser that file changed:  /hearsay/core.js
[0mCompiling "resources/public/js/compiled/app.js" from ["src/cljs"]...
[32mSuccessfully compiled "resources/public/js/compiled/app.js" in 0.139 seconds.[0m
notifying browser that file changed:  /hearsay/core.js
[0mCompiling "resources/public/js/compiled/app.js" from ["src/cljs"]...
[32mSuccessfully compiled "resources/public/js/compiled/app.js" in 0.155 seconds.[0m
notifying browser that file changed:  /hearsay/core.js
[0mCompiling "resources/public/js/compiled/app.js" from ["src/cljs"]...
[32mSuccessfully compiled "resources/public/js/compiled/app.js" in 0.149 seconds.[0m
notifying browser that file changed:  /hearsay/core.js
[0mCompiling "resources/public/js/compiled/app.js" from ["src/cljs"]...
[31mCompiling "resources/public/js/compiled/app.js" failed.[0m
clojure.lang.ExceptionInfo: failed compiling file:src/cljs/hearsay/core.cljs
 at clojure.core$ex_info.invoke (core.clj:4593)
    cljs.compiler$compile_file$fn__3138.invoke (compiler.cljc:1344)
    cljs.compiler$compile_file.invoke (compiler.cljc:1306)
    cljs.compiler$compile_root.invoke (compiler.cljc:1381)
    cljs.closure$compile_dir.invoke (closure.clj:438)
    cljs.closure$eval3582$fn__3583.invoke (closure.clj:478)
    cljs.closure$eval3534$fn__3535$G__3525__3542.invoke (closure.clj:383)
    cljs.closure$eval3595$fn__3596.invoke (closure.clj:492)
    cljs.closure$eval3534$fn__3535$G__3525__3542.invoke (closure.clj:383)
    clojurescript_build.core.CompilableSourcePaths/fn (core.clj:20)
    clojure.lang.PersistentVector.reduce (PersistentVector.java:333)
    clojure.core$reduce.invoke (core.clj:6518)
    clojurescript_build.core.CompilableSourcePaths._compile (core.clj:19)
    cljs.closure$build.invoke (closure.clj:1674)
    clojurescript_build.core$build_source_paths_STAR_.invoke (core.clj:160)
    figwheel_sidecar.auto_builder$default_build_options$fn__16004.invoke (auto_builder.clj:61)
    figwheel_sidecar.auto_builder$insert_figwheel_connect_script$fn__16050.invoke (auto_builder.clj:201)
    figwheel_sidecar.auto_builder$warning$fn__16001.invoke (auto_builder.clj:57)
    clojurescript_build.auto$time_build$fn__15804.invoke (auto.clj:56)
    clojurescript_build.auto$after$fn__15810.invoke (auto.clj:65)
    clojurescript_build.auto$after$fn__15810.invoke (auto.clj:65)
    clojurescript_build.auto$error$fn__15813.invoke (auto.clj:72)
    clojurescript_build.auto$before$fn__15807.invoke (auto.clj:61)
    clojurescript_build.auto$make_conditional_builder$fn__15825.invoke (auto.clj:104)
    clojure.core$mapv$fn__6727.invoke (core.clj:6616)
    clojure.lang.PersistentVector.reduce (PersistentVector.java:333)
    clojure.core$reduce.invoke (core.clj:6518)
    clojure.core$mapv.invoke (core.clj:6616)
    clojurescript_build.auto$autobuild_STAR_$fn__15911$state_machine__9347__auto____15912$fn__15917.invoke (auto.clj:187)
    clojurescript_build.auto$autobuild_STAR_$fn__15911$state_machine__9347__auto____15912.invoke (auto.clj:178)
Figwheel: focusing on build-ids (dev)
[0mCompiling "resources/public/js/compiled/app.js" from ["src/cljs"]...
[32mSuccessfully compiled "resources/public/js/compiled/app.js" in 0.348 seconds.[0m
notifying browser that file changed:  resources/public/js/compiled/out/goog/deps.js
notifying browser that file changed:  resources/public/js/compiled/out/cljs_deps.js
notifying browser that file changed:  /hearsay/core.js
[0mCompiling "resources/public/js/compiled/app.js" from ["src/cljs"]...
[32mSuccessfully compiled "resources/public/js/compiled/app.js" in 0.497 seconds.[0m
notifying browser that file changed:  resources/public/js/compiled/out/cljs_deps.js
notifying browser that file changed:  /hearsay/core.js
[0mCompiling "resources/public/js/compiled/app.js" from ["src/cljs"]...
[32mSuccessfully compiled "resources/public/js/compiled/app.js" in 0.543 seconds.[0m
notifying browser that file changed:  resources/public/js/compiled/out/cljs_deps.js
notifying browser that file changed:  /hearsay/core.js
[0mCompiling "resources/public/js/compiled/app.js" from ["src/cljs"]...
[32mSuccessfully compiled "resources/public/js/compiled/app.js" in 0.435 seconds.[0m
notifying browser that file changed:  resources/public/js/compiled/out/cljs_deps.js
notifying browser that file changed:  /hearsay/core.js
[0mCompiling "resources/public/js/compiled/app.js" from ["src/cljs"]...
[32mSuccessfully compiled "resources/public/js/compiled/app.js" in 0.308 seconds.[0m
notifying browser that file changed:  /hearsay/core.js
[0mCompiling "resources/public/js/compiled/app.js" from ["src/cljs"]...
[32mSuccessfully compiled "resources/public/js/compiled/app.js" in 0.357 seconds.[0m
notifying browser that file changed:  /hearsay/core.js
[0mCompiling "resources/public/js/compiled/app.js" from ["src/cljs"]...
[32mSuccessfully compiled "resources/public/js/compiled/app.js" in 0.389 seconds.[0m
notifying browser that file changed:  /hearsay/core.js
[0mCompiling "resources/public/js/compiled/app.js" from ["src/cljs"]...
[32mSuccessfully compiled "resources/public/js/compiled/app.js" in 0.275 seconds.[0m
notifying browser that file changed:  /hearsay/core.js
[0mCompiling "resources/public/js/compiled/app.js" from ["src/cljs"]...
WARNING: Use of undeclared Var hearsay.core/chan at line 35 src/cljs/hearsay/core.cljs
[32mSuccessfully compiled "resources/public/js/compiled/app.js" in 0.417 seconds.[0m
notifying browser that file changed:  /hearsay/core.js
[0mCompiling "resources/public/js/compiled/app.js" from ["src/cljs"]...
[32mSuccessfully compiled "resources/public/js/compiled/app.js" in 0.215 seconds.[0m
notifying browser that file changed:  /hearsay/core.js
[0mCompiling "resources/public/js/compiled/app.js" from ["src/cljs"]...
[32mSuccessfully compiled "resources/public/js/compiled/app.js" in 0.394 seconds.[0m
notifying browser that file changed:  /hearsay/core.js
[0mCompiling "resources/public/js/compiled/app.js" from ["src/cljs"]...
[32mSuccessfully compiled "resources/public/js/compiled/app.js" in 0.28 seconds.[0m
notifying browser that file changed:  /hearsay/core.js
[0mCompiling "resources/public/js/compiled/app.js" from ["src/cljs"]...
[32mSuccessfully compiled "resources/public/js/compiled/app.js" in 0.387 seconds.[0m
notifying browser that file changed:  /hearsay/core.js
[0mCompiling "resources/public/js/compiled/app.js" from ["src/cljs"]...
[32mSuccessfully compiled "resources/public/js/compiled/app.js" in 0.415 seconds.[0m
notifying browser that file changed:  /hearsay/core.js
[0mCompiling "resources/public/js/compiled/app.js" from ["src/cljs"]...
[32mSuccessfully compiled "resources/public/js/compiled/app.js" in 0.316 seconds.[0m
notifying browser that file changed:  /hearsay/core.js
[0mCompiling "resources/public/js/compiled/app.js" from ["src/cljs"]...
[32mSuccessfully compiled "resources/public/js/compiled/app.js" in 0.223 seconds.[0m
notifying browser that file changed:  /hearsay/core.js
[0mCompiling "resources/public/js/compiled/app.js" from ["src/cljs"]...
[32mSuccessfully compiled "resources/public/js/compiled/app.js" in 0.268 seconds.[0m
notifying browser that file changed:  /hearsay/core.js
[0mCompiling "resources/public/js/compiled/app.js" from ["src/cljs"]...
[32mSuccessfully compiled "resources/public/js/compiled/app.js" in 0.301 seconds.[0m
notifying browser that file changed:  /hearsay/core.js
[0mCompiling "resources/public/js/compiled/app.js" from ["src/cljs"]...
[32mSuccessfully compiled "resources/public/js/compiled/app.js" in 0.246 seconds.[0m
notifying browser that file changed:  /hearsay/core.js
[0mCompiling "resources/public/js/compiled/app.js" from ["src/cljs"]...
[31mCompiling "resources/public/js/compiled/app.js" failed.[0m
ERROR: Map literal must contain an even number of forms on file /Users/nhendawi/Projects/cljs_work/hearsay/src/cljs/hearsay/core.cljs, line 40, column 25
[0mCompiling "resources/public/js/compiled/app.js" from ["src/cljs"]...
[32mSuccessfully compiled "resources/public/js/compiled/app.js" in 0.28 seconds.[0m
notifying browser that file changed:  /hearsay/core.js
[0mCompiling "resources/public/js/compiled/app.js" from ["src/cljs"]...
[32mSuccessfully compiled "resources/public/js/compiled/app.js" in 0.197 seconds.[0m
notifying browser that file changed:  /hearsay/core.js
[0mCompiling "resources/public/js/compiled/app.js" from ["src/cljs"]...
[32mSuccessfully compiled "resources/public/js/compiled/app.js" in 0.257 seconds.[0m
notifying browser that file changed:  /hearsay/core.js
[0mCompiling "resources/public/js/compiled/app.js" from ["src/cljs"]...
[32mSuccessfully compiled "resources/public/js/compiled/app.js" in 0.26 seconds.[0m
notifying browser that file changed:  /hearsay/core.js
[0mCompiling "resources/public/js/compiled/app.js" from ["src/cljs"]...
[31mCompiling "resources/public/js/compiled/app.js" failed.[0m
ERROR: EOF while reading, starting at line 37 and column 1 on file /Users/nhendawi/Projects/cljs_work/hearsay/src/cljs/hearsay/core.cljs, line 45, column 1
[0mCompiling "resources/public/js/compiled/app.js" from ["src/cljs"]...
[31mCompiling "resources/public/js/compiled/app.js" failed.[0m
ERROR: EOF while reading, starting at line 37 and column 1 on file /Users/nhendawi/Projects/cljs_work/hearsay/src/cljs/hearsay/core.cljs, line 45, column 1
[0mCompiling "resources/public/js/compiled/app.js" from ["src/cljs"]...
[31mCompiling "resources/public/js/compiled/app.js" failed.[0m
ERROR: EOF while reading, starting at line 37 and column 1 on file /Users/nhendawi/Projects/cljs_work/hearsay/src/cljs/hearsay/core.cljs, line 45, column 1
[0mCompiling "resources/public/js/compiled/app.js" from ["src/cljs"]...
WARNING: Use of undeclared Var hearsay.core/x at line 40 src/cljs/hearsay/core.cljs
WARNING: Use of undeclared Var hearsay.core/x at line 40 src/cljs/hearsay/core.cljs
[32mSuccessfully compiled "resources/public/js/compiled/app.js" in 0.375 seconds.[0m
notifying browser that file changed:  /hearsay/core.js
[0mCompiling "resources/public/js/compiled/app.js" from ["src/cljs"]...
WARNING: Use of undeclared Var hearsay.core/x at line 40 src/cljs/hearsay/core.cljs
WARNING: Use of undeclared Var hearsay.core/x at line 40 src/cljs/hearsay/core.cljs
[32mSuccessfully compiled "resources/public/js/compiled/app.js" in 0.238 seconds.[0m
notifying browser that file changed:  /hearsay/core.js
[0mCompiling "resources/public/js/compiled/app.js" from ["src/cljs"]...
[32mSuccessfully compiled "resources/public/js/compiled/app.js" in 0.261 seconds.[0m
notifying browser that file changed:  /hearsay/core.js
[0mCompiling "resources/public/js/compiled/app.js" from ["src/cljs"]...
[32mSuccessfully compiled "resources/public/js/compiled/app.js" in 0.184 seconds.[0m
notifying browser that file changed:  /hearsay/core.js
[0mCompiling "resources/public/js/compiled/app.js" from ["src/cljs"]...
[32mSuccessfully compiled "resources/public/js/compiled/app.js" in 0.265 seconds.[0m
notifying browser that file changed:  /hearsay/core.js
[0mCompiling "resources/public/js/compiled/app.js" from ["src/cljs"]...
[32mSuccessfully compiled "resources/public/js/compiled/app.js" in 0.28 seconds.[0m
notifying browser that file changed:  /hearsay/core.js
[0mCompiling "resources/public/js/compiled/app.js" from ["src/cljs"]...
WARNING: Use of undeclared Var hearsay.core/_ at line 40 src/cljs/hearsay/core.cljs
WARNING: Use of undeclared Var cljs.core/-> at line 40 src/cljs/hearsay/core.cljs
[32mSuccessfully compiled "resources/public/js/compiled/app.js" in 0.283 seconds.[0m
notifying browser that file changed:  /hearsay/core.js
[0mCompiling "resources/public/js/compiled/app.js" from ["src/cljs"]...
[32mSuccessfully compiled "resources/public/js/compiled/app.js" in 0.2 seconds.[0m
notifying browser that file changed:  /hearsay/core.js
[0mCompiling "resources/public/js/compiled/app.js" from ["src/cljs"]...
[32mSuccessfully compiled "resources/public/js/compiled/app.js" in 0.174 seconds.[0m
notifying browser that file changed:  /hearsay/core.js
[0mCompiling "resources/public/js/compiled/app.js" from ["src/cljs"]...
[32mSuccessfully compiled "resources/public/js/compiled/app.js" in 0.193 seconds.[0m
notifying browser that file changed:  /hearsay/core.js
[0mCompiling "resources/public/js/compiled/app.js" from ["src/cljs"]...
[32mSuccessfully compiled "resources/public/js/compiled/app.js" in 0.18 seconds.[0m
notifying browser that file changed:  /hearsay/core.js
[0mCompiling "resources/public/js/compiled/app.js" from ["src/cljs"]...
[32mSuccessfully compiled "resources/public/js/compiled/app.js" in 0.175 seconds.[0m
notifying browser that file changed:  /hearsay/core.js
[0mCompiling "resources/public/js/compiled/app.js" from ["src/cljs"]...
[32mSuccessfully compiled "resources/public/js/compiled/app.js" in 0.362 seconds.[0m
notifying browser that file changed:  /hearsay/core.js
[0mCompiling "resources/public/js/compiled/app.js" from ["src/cljs"]...
[32mSuccessfully compiled "resources/public/js/compiled/app.js" in 0.225 seconds.[0m
notifying browser that file changed:  /hearsay/core.js
[0mCompiling "resources/public/js/compiled/app.js" from ["src/cljs"]...
[32mSuccessfully compiled "resources/public/js/compiled/app.js" in 0.243 seconds.[0m
notifying browser that file changed:  /hearsay/core.js
[0mCompiling "resources/public/js/compiled/app.js" from ["src/cljs"]...
[32mSuccessfully compiled "resources/public/js/compiled/app.js" in 0.268 seconds.[0m
notifying browser that file changed:  /hearsay/core.js
[0mCompiling "resources/public/js/compiled/app.js" from ["src/cljs"]...
[32mSuccessfully compiled "resources/public/js/compiled/app.js" in 0.287 seconds.[0m
notifying browser that file changed:  /hearsay/core.js
[0mCompiling "resources/public/js/compiled/app.js" from ["src/cljs"]...
[32mSuccessfully compiled "resources/public/js/compiled/app.js" in 0.203 seconds.[0m
notifying browser that file changed:  /hearsay/core.js
[0mCompiling "resources/public/js/compiled/app.js" from ["src/cljs"]...
[32mSuccessfully compiled "resources/public/js/compiled/app.js" in 0.155 seconds.[0m
notifying browser that file changed:  /hearsay/core.js
[0mCompiling "resources/public/js/compiled/app.js" from ["src/cljs"]...
[32mSuccessfully compiled "resources/public/js/compiled/app.js" in 0.164 seconds.[0m
notifying browser that file changed:  /hearsay/core.js
[0mCompiling "resources/public/js/compiled/app.js" from ["src/cljs"]...
[32mSuccessfully compiled "resources/public/js/compiled/app.js" in 0.157 seconds.[0m
notifying browser that file changed:  /hearsay/core.js
[0mCompiling "resources/public/js/compiled/app.js" from ["src/cljs"]...
[32mSuccessfully compiled "resources/public/js/compiled/app.js" in 0.179 seconds.[0m
notifying browser that file changed:  /hearsay/core.js
[0mCompiling "resources/public/js/compiled/app.js" from ["src/cljs"]...
[32mSuccessfully compiled "resources/public/js/compiled/app.js" in 0.246 seconds.[0m
notifying browser that file changed:  /hearsay/core.js
[0mCompiling "resources/public/js/compiled/app.js" from ["src/cljs"]...
[32mSuccessfully compiled "resources/public/js/compiled/app.js" in 0.149 seconds.[0m
notifying browser that file changed:  /hearsay/core.js
[0mCompiling "resources/public/js/compiled/app.js" from ["src/cljs"]...
[31mCompiling "resources/public/js/compiled/app.js" failed.[0m
clojure.lang.ExceptionInfo: failed compiling file:src/cljs/hearsay/core.cljs
 at clojure.core$ex_info.invoke (core.clj:4593)
    cljs.compiler$compile_file$fn__3138.invoke (compiler.cljc:1344)
    cljs.compiler$compile_file.invoke (compiler.cljc:1306)
    cljs.compiler$compile_root.invoke (compiler.cljc:1381)
    cljs.closure$compile_dir.invoke (closure.clj:438)
    cljs.closure$eval3582$fn__3583.invoke (closure.clj:478)
    cljs.closure$eval3534$fn__3535$G__3525__3542.invoke (closure.clj:383)
    cljs.closure$eval3595$fn__3596.invoke (closure.clj:492)
    cljs.closure$eval3534$fn__3535$G__3525__3542.invoke (closure.clj:383)
    clojurescript_build.core.CompilableSourcePaths/fn (core.clj:20)
    clojure.lang.PersistentVector.reduce (PersistentVector.java:333)
    clojure.core$reduce.invoke (core.clj:6518)
    clojurescript_build.core.CompilableSourcePaths._compile (core.clj:19)
    cljs.closure$build.invoke (closure.clj:1674)
    clojurescript_build.core$build_source_paths_STAR_.invoke (core.clj:160)
    figwheel_sidecar.auto_builder$default_build_options$fn__16004.invoke (auto_builder.clj:61)
    figwheel_sidecar.auto_builder$insert_figwheel_connect_script$fn__16050.invoke (auto_builder.clj:201)
    figwheel_sidecar.auto_builder$warning$fn__16001.invoke (auto_builder.clj:57)
    clojurescript_build.auto$time_build$fn__15804.invoke (auto.clj:56)
    clojurescript_build.auto$after$fn__15810.invoke (auto.clj:65)
    clojurescript_build.auto$after$fn__15810.invoke (auto.clj:65)
    clojurescript_build.auto$error$fn__15813.invoke (auto.clj:72)
    clojurescript_build.auto$before$fn__15807.invoke (auto.clj:61)
    clojurescript_build.auto$make_conditional_builder$fn__15825.invoke (auto.clj:104)
    clojure.core$mapv$fn__6727.invoke (core.clj:6616)
    clojure.lang.PersistentVector.reduce (PersistentVector.java:333)
    clojure.core$reduce.invoke (core.clj:6518)
    clojure.core$mapv.invoke (core.clj:6616)
    clojurescript_build.auto$autobuild_STAR_$fn__15911$state_machine__9347__auto____15912$fn__15917.invoke (auto.clj:187)
    clojurescript_build.auto$autobuild_STAR_$fn__15911$state_machine__9347__auto____15912.invoke (auto.clj:178)
Figwheel: focusing on build-ids (dev)
[0mCompiling "resources/public/js/compiled/app.js" from ["src/cljs"]...
[32mSuccessfully compiled "resources/public/js/compiled/app.js" in 0.369 seconds.[0m
notifying browser that file changed:  resources/public/js/compiled/out/goog/deps.js
notifying browser that file changed:  resources/public/js/compiled/out/cljs_deps.js
notifying browser that file changed:  /hearsay/core.js
[0mCompiling "resources/public/js/compiled/app.js" from ["src/cljs"]...
[32mSuccessfully compiled "resources/public/js/compiled/app.js" in 0.345 seconds.[0m
notifying browser that file changed:  resources/public/js/compiled/out/cljs_deps.js
notifying browser that file changed:  /hearsay/core.js
[0mCompiling "resources/public/js/compiled/app.js" from ["src/cljs"]...
[32mSuccessfully compiled "resources/public/js/compiled/app.js" in 0.427 seconds.[0m
notifying browser that file changed:  resources/public/js/compiled/out/cljs_deps.js
notifying browser that file changed:  /hearsay/core.js
[0mCompiling "resources/public/js/compiled/app.js" from ["src/cljs"]...
[32mSuccessfully compiled "resources/public/js/compiled/app.js" in 0.388 seconds.[0m
notifying browser that file changed:  /hearsay/core.js
[0mCompiling "resources/public/js/compiled/app.js" from ["src/cljs"]...
[32mSuccessfully compiled "resources/public/js/compiled/app.js" in 0.354 seconds.[0m
notifying browser that file changed:  resources/public/js/compiled/out/cljs_deps.js
notifying browser that file changed:  /hearsay/core.js
[0mCompiling "resources/public/js/compiled/app.js" from ["src/cljs"]...
WARNING: Use of undeclared Var hearsay.core/episodes at line 15 src/cljs/hearsay/core.cljs
[32mSuccessfully compiled "resources/public/js/compiled/app.js" in 0.278 seconds.[0m
notifying browser that file changed:  resources/public/js/compiled/out/cljs_deps.js
notifying browser that file changed:  /hearsay/core.js
[0mCompiling "resources/public/js/compiled/app.js" from ["src/cljs"]...
[32mSuccessfully compiled "resources/public/js/compiled/app.js" in 0.326 seconds.[0m
notifying browser that file changed:  /hearsay/core.js
[0mCompiling "resources/public/js/compiled/app.js" from ["src/cljs"]...
WARNING: Wrong number of args (4) passed to re-frame.core/register-handler at line 10 src/cljs/hearsay/core.cljs
[32mSuccessfully compiled "resources/public/js/compiled/app.js" in 0.411 seconds.[0m
notifying browser that file changed:  /hearsay/core.js
[0mCompiling "resources/public/js/compiled/app.js" from ["src/cljs"]...
[32mSuccessfully compiled "resources/public/js/compiled/app.js" in 0.283 seconds.[0m
notifying browser that file changed:  /hearsay/core.js
[0mCompiling "resources/public/js/compiled/app.js" from ["src/cljs"]...
WARNING: Wrong number of args (4) passed to re-frame.core/register-handler at line 10 src/cljs/hearsay/core.cljs
[32mSuccessfully compiled "resources/public/js/compiled/app.js" in 0.287 seconds.[0m
notifying browser that file changed:  /hearsay/core.js
[0mCompiling "resources/public/js/compiled/app.js" from ["src/cljs"]...
[32mSuccessfully compiled "resources/public/js/compiled/app.js" in 0.224 seconds.[0m
notifying browser that file changed:  /hearsay/core.js
[0mCompiling "resources/public/js/compiled/app.js" from ["src/cljs"]...
WARNING: Use of undeclared Var hearsay.core/episodes at line 14 src/cljs/hearsay/core.cljs
WARNING: Use of undeclared Var hearsay.core/episodes at line 14 src/cljs/hearsay/core.cljs
[32mSuccessfully compiled "resources/public/js/compiled/app.js" in 0.335 seconds.[0m
notifying browser that file changed:  /hearsay/core.js
[0mCompiling "resources/public/js/compiled/app.js" from ["src/cljs"]...
WARNING: Use of undeclared Var hearsay.core/episodes at line 15 src/cljs/hearsay/core.cljs
WARNING: Use of undeclared Var hearsay.core/episodes at line 15 src/cljs/hearsay/core.cljs
[32mSuccessfully compiled "resources/public/js/compiled/app.js" in 0.317 seconds.[0m
notifying browser that file changed:  /hearsay/core.js
[0mCompiling "resources/public/js/compiled/app.js" from ["src/cljs"]...
WARNING: Use of undeclared Var hearsay.core/initial-episodes at line 15 src/cljs/hearsay/core.cljs
WARNING: Use of undeclared Var hearsay.core/initial-episodes at line 15 src/cljs/hearsay/core.cljs
[32mSuccessfully compiled "resources/public/js/compiled/app.js" in 0.29 seconds.[0m
notifying browser that file changed:  /hearsay/core.js
[0mCompiling "resources/public/js/compiled/app.js" from ["src/cljs"]...
WARNING: Use of undeclared Var hearsay.core/initial-episodes at line 15 src/cljs/hearsay/core.cljs
WARNING: Use of undeclared Var hearsay.core/initial-episodes at line 16 src/cljs/hearsay/core.cljs
WARNING: Use of undeclared Var hearsay.core/initial-episodes at line 16 src/cljs/hearsay/core.cljs
[32mSuccessfully compiled "resources/public/js/compiled/app.js" in 0.387 seconds.[0m
notifying browser that file changed:  /hearsay/core.js
[0mCompiling "resources/public/js/compiled/app.js" from ["src/cljs"]...
WARNING: Use of undeclared Var hearsay.core/initial-episodes at line 15 src/cljs/hearsay/core.cljs
WARNING: Use of undeclared Var hearsay.core/initial-episodes at line 15 src/cljs/hearsay/core.cljs
WARNING: Use of undeclared Var hearsay.core/initial-episodes at line 16 src/cljs/hearsay/core.cljs
WARNING: Use of undeclared Var hearsay.core/initial-episodes at line 16 src/cljs/hearsay/core.cljs
[32mSuccessfully compiled "resources/public/js/compiled/app.js" in 0.366 seconds.[0m
notifying browser that file changed:  /hearsay/core.js
[0mCompiling "resources/public/js/compiled/app.js" from ["src/cljs"]...
WARNING: Use of undeclared Var hearsay.core/initial-episodes at line 16 src/cljs/hearsay/core.cljs
[32mSuccessfully compiled "resources/public/js/compiled/app.js" in 0.298 seconds.[0m
notifying browser that file changed:  /hearsay/core.js
[0mCompiling "resources/public/js/compiled/app.js" from ["src/cljs"]...
WARNING: Use of undeclared Var hearsay.core/initial-episodes at line 16 src/cljs/hearsay/core.cljs
[32mSuccessfully compiled "resources/public/js/compiled/app.js" in 0.326 seconds.[0m
notifying browser that file changed:  /hearsay/core.js
[0mCompiling "resources/public/js/compiled/app.js" from ["src/cljs"]...
[32mSuccessfully compiled "resources/public/js/compiled/app.js" in 0.236 seconds.[0m
notifying browser that file changed:  /hearsay/core.js
[0mCompiling "resources/public/js/compiled/app.js" from ["src/cljs"]...
[32mSuccessfully compiled "resources/public/js/compiled/app.js" in 0.32 seconds.[0m
notifying browser that file changed:  /hearsay/core.js
[0mCompiling "resources/public/js/compiled/app.js" from ["src/cljs"]...
[32mSuccessfully compiled "resources/public/js/compiled/app.js" in 0.259 seconds.[0m
notifying browser that file changed:  /hearsay/core.js
[0mCompiling "resources/public/js/compiled/app.js" from ["src/cljs"]...
[32mSuccessfully compiled "resources/public/js/compiled/app.js" in 0.286 seconds.[0m
notifying browser that file changed:  /hearsay/core.js
[0mCompiling "resources/public/js/compiled/app.js" from ["src/cljs"]...
[32mSuccessfully compiled "resources/public/js/compiled/app.js" in 0.211 seconds.[0m
notifying browser that file changed:  /hearsay/core.js
[0mCompiling "resources/public/js/compiled/app.js" from ["src/cljs"]...
[32mSuccessfully compiled "resources/public/js/compiled/app.js" in 0.179 seconds.[0m
notifying browser that file changed:  /hearsay/core.js
[0mCompiling "resources/public/js/compiled/app.js" from ["src/cljs"]...
[32mSuccessfully compiled "resources/public/js/compiled/app.js" in 0.242 seconds.[0m
notifying browser that file changed:  /hearsay/core.js
[0mCompiling "resources/public/js/compiled/app.js" from ["src/cljs"]...
[32mSuccessfully compiled "resources/public/js/compiled/app.js" in 0.221 seconds.[0m
notifying browser that file changed:  /hearsay/core.js
[0mCompiling "resources/public/js/compiled/app.js" from ["src/cljs"]...
[32mSuccessfully compiled "resources/public/js/compiled/app.js" in 0.205 seconds.[0m
notifying browser that file changed:  /hearsay/core.js
[0mCompiling "resources/public/js/compiled/app.js" from ["src/cljs"]...
[32mSuccessfully compiled "resources/public/js/compiled/app.js" in 0.192 seconds.[0m
notifying browser that file changed:  /hearsay/core.js
[0mCompiling "resources/public/js/compiled/app.js" from ["src/cljs"]...
[32mSuccessfully compiled "resources/public/js/compiled/app.js" in 0.196 seconds.[0m
notifying browser that file changed:  /hearsay/core.js
[0mCompiling "resources/public/js/compiled/app.js" from ["src/cljs"]...
[32mSuccessfully compiled "resources/public/js/compiled/app.js" in 0.23 seconds.[0m
notifying browser that file changed:  /hearsay/core.js
[0mCompiling "resources/public/js/compiled/app.js" from ["src/cljs"]...
[32mSuccessfully compiled "resources/public/js/compiled/app.js" in 0.239 seconds.[0m
notifying browser that file changed:  /hearsay/core.js
[0mCompiling "resources/public/js/compiled/app.js" from ["src/cljs"]...
[32mSuccessfully compiled "resources/public/js/compiled/app.js" in 0.203 seconds.[0m
notifying browser that file changed:  /hearsay/core.js
[0mCompiling "resources/public/js/compiled/app.js" from ["src/cljs"]...
[32mSuccessfully compiled "resources/public/js/compiled/app.js" in 0.187 seconds.[0m
notifying browser that file changed:  /hearsay/core.js
[0mCompiling "resources/public/js/compiled/app.js" from ["src/cljs"]...
[32mSuccessfully compiled "resources/public/js/compiled/app.js" in 0.2 seconds.[0m
notifying browser that file changed:  /hearsay/core.js
[0mCompiling "resources/public/js/compiled/app.js" from ["src/cljs"]...
[32mSuccessfully compiled "resources/public/js/compiled/app.js" in 0.172 seconds.[0m
notifying browser that file changed:  /hearsay/core.js
[0mCompiling "resources/public/js/compiled/app.js" from ["src/cljs"]...
[32mSuccessfully compiled "resources/public/js/compiled/app.js" in 0.201 seconds.[0m
notifying browser that file changed:  /hearsay/core.js
[0mCompiling "resources/public/js/compiled/app.js" from ["src/cljs"]...
[32mSuccessfully compiled "resources/public/js/compiled/app.js" in 0.214 seconds.[0m
notifying browser that file changed:  /hearsay/core.js
[0mCompiling "resources/public/js/compiled/app.js" from ["src/cljs"]...
[32mSuccessfully compiled "resources/public/js/compiled/app.js" in 0.193 seconds.[0m
notifying browser that file changed:  /hearsay/core.js
[0mCompiling "resources/public/js/compiled/app.js" from ["src/cljs"]...
[32mSuccessfully compiled "resources/public/js/compiled/app.js" in 0.229 seconds.[0m
notifying browser that file changed:  /hearsay/core.js
[0mCompiling "resources/public/js/compiled/app.js" from ["src/cljs"]...
[32mSuccessfully compiled "resources/public/js/compiled/app.js" in 0.314 seconds.[0m
notifying browser that file changed:  /hearsay/core.js
[0mCompiling "resources/public/js/compiled/app.js" from ["src/cljs"]...
[32mSuccessfully compiled "resources/public/js/compiled/app.js" in 0.282 seconds.[0m
notifying browser that file changed:  /hearsay/core.js
[0mCompiling "resources/public/js/compiled/app.js" from ["src/cljs"]...
[32mSuccessfully compiled "resources/public/js/compiled/app.js" in 0.176 seconds.[0m
notifying browser that file changed:  /hearsay/core.js
[0mCompiling "resources/public/js/compiled/app.js" from ["src/cljs"]...
[32mSuccessfully compiled "resources/public/js/compiled/app.js" in 0.183 seconds.[0m
notifying browser that file changed:  /hearsay/core.js
[0mCompiling "resources/public/js/compiled/app.js" from ["src/cljs"]...
[32mSuccessfully compiled "resources/public/js/compiled/app.js" in 0.18 seconds.[0m
notifying browser that file changed:  /hearsay/core.js
[0mCompiling "resources/public/js/compiled/app.js" from ["src/cljs"]...
[32mSuccessfully compiled "resources/public/js/compiled/app.js" in 0.178 seconds.[0m
notifying browser that file changed:  /hearsay/core.js
[0mCompiling "resources/public/js/compiled/app.js" from ["src/cljs"]...
[31mCompiling "resources/public/js/compiled/app.js" failed.[0m
ERROR: EOF while reading, starting at line 11 and column 1 on file /Users/nhendawi/Projects/cljs_work/hearsay/src/cljs/hearsay/core.cljs, line 62, column 1
[0mCompiling "resources/public/js/compiled/app.js" from ["src/cljs"]...
[32mSuccessfully compiled "resources/public/js/compiled/app.js" in 0.192 seconds.[0m
notifying browser that file changed:  /hearsay/core.js
[0mCompiling "resources/public/js/compiled/app.js" from ["src/cljs"]...
[32mSuccessfully compiled "resources/public/js/compiled/app.js" in 0.184 seconds.[0m
notifying browser that file changed:  /hearsay/core.js
[0mCompiling "resources/public/js/compiled/app.js" from ["src/cljs"]...
[32mSuccessfully compiled "resources/public/js/compiled/app.js" in 0.186 seconds.[0m
notifying browser that file changed:  /hearsay/core.js
[0mCompiling "resources/public/js/compiled/app.js" from ["src/cljs"]...
WARNING: Use of undeclared Var hearsay.core/%1 at line 15 src/cljs/hearsay/core.cljs
[32mSuccessfully compiled "resources/public/js/compiled/app.js" in 0.325 seconds.[0m
notifying browser that file changed:  /hearsay/core.js
[0mCompiling "resources/public/js/compiled/app.js" from ["src/cljs"]...
WARNING: Use of undeclared Var hearsay.core/%2 at line 15 src/cljs/hearsay/core.cljs
[32mSuccessfully compiled "resources/public/js/compiled/app.js" in 0.244 seconds.[0m
notifying browser that file changed:  /hearsay/core.js
[0mCompiling "resources/public/js/compiled/app.js" from ["src/cljs"]...
WARNING: Use of undeclared Var hearsay.core/%1 at line 15 src/cljs/hearsay/core.cljs
[32mSuccessfully compiled "resources/public/js/compiled/app.js" in 0.321 seconds.[0m
notifying browser that file changed:  /hearsay/core.js
[0mCompiling "resources/public/js/compiled/app.js" from ["src/cljs"]...
[32mSuccessfully compiled "resources/public/js/compiled/app.js" in 0.393 seconds.[0m
notifying browser that file changed:  /hearsay/core.js
[0mCompiling "resources/public/js/compiled/app.js" from ["src/cljs"]...
[32mSuccessfully compiled "resources/public/js/compiled/app.js" in 0.255 seconds.[0m
notifying browser that file changed:  /hearsay/core.js
[0mCompiling "resources/public/js/compiled/app.js" from ["src/cljs"]...
[32mSuccessfully compiled "resources/public/js/compiled/app.js" in 0.2 seconds.[0m
notifying browser that file changed:  /hearsay/core.js
[0mCompiling "resources/public/js/compiled/app.js" from ["src/cljs"]...
[31mCompiling "resources/public/js/compiled/app.js" failed.[0m
ERROR: EOF while reading, starting at line 11 and column 1 on file /Users/nhendawi/Projects/cljs_work/hearsay/src/cljs/hearsay/core.cljs, line 63, column 1
[0mCompiling "resources/public/js/compiled/app.js" from ["src/cljs"]...
[31mCompiling "resources/public/js/compiled/app.js" failed.[0m
ERROR: EOF while reading, starting at line 11 and column 1 on file /Users/nhendawi/Projects/cljs_work/hearsay/src/cljs/hearsay/core.cljs, line 63, column 1
[0mCompiling "resources/public/js/compiled/app.js" from ["src/cljs"]...
[32mSuccessfully compiled "resources/public/js/compiled/app.js" in 0.195 seconds.[0m
notifying browser that file changed:  /hearsay/core.js
[0mCompiling "resources/public/js/compiled/app.js" from ["src/cljs"]...
[32mSuccessfully compiled "resources/public/js/compiled/app.js" in 0.192 seconds.[0m
notifying browser that file changed:  resources/public/js/compiled/out/cljs_deps.js
notifying browser that file changed:  /hearsay/core.js
[0mCompiling "resources/public/js/compiled/app.js" from ["src/cljs"]...
[32mSuccessfully compiled "resources/public/js/compiled/app.js" in 0.237 seconds.[0m
notifying browser that file changed:  resources/public/js/compiled/out/cljs_deps.js
notifying browser that file changed:  /hearsay/core.js
[0mCompiling "resources/public/js/compiled/app.js" from ["src/cljs"]...
[32mSuccessfully compiled "resources/public/js/compiled/app.js" in 0.243 seconds.[0m
notifying browser that file changed:  /hearsay/core.js
[0mCompiling "resources/public/js/compiled/app.js" from ["src/cljs"]...
[32mSuccessfully compiled "resources/public/js/compiled/app.js" in 0.192 seconds.[0m
notifying browser that file changed:  /hearsay/core.js
[0mCompiling "resources/public/js/compiled/app.js" from ["src/cljs"]...
[32mSuccessfully compiled "resources/public/js/compiled/app.js" in 0.171 seconds.[0m
notifying browser that file changed:  /hearsay/core.js
[0mCompiling "resources/public/js/compiled/app.js" from ["src/cljs"]...
[32mSuccessfully compiled "resources/public/js/compiled/app.js" in 0.196 seconds.[0m
notifying browser that file changed:  /hearsay/core.js
[0mCompiling "resources/public/js/compiled/app.js" from ["src/cljs"]...
[32mSuccessfully compiled "resources/public/js/compiled/app.js" in 0.171 seconds.[0m
notifying browser that file changed:  /hearsay/core.js
[0mCompiling "resources/public/js/compiled/app.js" from ["src/cljs"]...
[32mSuccessfully compiled "resources/public/js/compiled/app.js" in 0.231 seconds.[0m
notifying browser that file changed:  /hearsay/core.js
[0mCompiling "resources/public/js/compiled/app.js" from ["src/cljs"]...
[32mSuccessfully compiled "resources/public/js/compiled/app.js" in 0.181 seconds.[0m
notifying browser that file changed:  /hearsay/core.js
[0mCompiling "resources/public/js/compiled/app.js" from ["src/cljs"]...
[32mSuccessfully compiled "resources/public/js/compiled/app.js" in 0.225 seconds.[0m
notifying browser that file changed:  /hearsay/core.js
[0mCompiling "resources/public/js/compiled/app.js" from ["src/cljs"]...
[32mSuccessfully compiled "resources/public/js/compiled/app.js" in 0.167 seconds.[0m
notifying browser that file changed:  /hearsay/core.js
[0mCompiling "resources/public/js/compiled/app.js" from ["src/cljs"]...
[32mSuccessfully compiled "resources/public/js/compiled/app.js" in 0.15 seconds.[0m
notifying browser that file changed:  /hearsay/core.js
[0mCompiling "resources/public/js/compiled/app.js" from ["src/cljs"]...
[32mSuccessfully compiled "resources/public/js/compiled/app.js" in 0.251 seconds.[0m
notifying browser that file changed:  /hearsay/core.js
[0mCompiling "resources/public/js/compiled/app.js" from ["src/cljs"]...
[32mSuccessfully compiled "resources/public/js/compiled/app.js" in 0.288 seconds.[0m
notifying browser that file changed:  /hearsay/core.js
[0mCompiling "resources/public/js/compiled/app.js" from ["src/cljs"]...
[32mSuccessfully compiled "resources/public/js/compiled/app.js" in 0.192 seconds.[0m
notifying browser that file changed:  /hearsay/core.js
[0mCompiling "resources/public/js/compiled/app.js" from ["src/cljs"]...
[32mSuccessfully compiled "resources/public/js/compiled/app.js" in 0.152 seconds.[0m
notifying browser that file changed:  /hearsay/core.js
[0mCompiling "resources/public/js/compiled/app.js" from ["src/cljs"]...
[32mSuccessfully compiled "resources/public/js/compiled/app.js" in 0.144 seconds.[0m
notifying browser that file changed:  /hearsay/core.js
[0mCompiling "resources/public/js/compiled/app.js" from ["src/cljs"]...
[32mSuccessfully compiled "resources/public/js/compiled/app.js" in 0.174 seconds.[0m
notifying browser that file changed:  /hearsay/core.js
[0mCompiling "resources/public/js/compiled/app.js" from ["src/cljs"]...
[32mSuccessfully compiled "resources/public/js/compiled/app.js" in 0.164 seconds.[0m
notifying browser that file changed:  /hearsay/core.js
[0mCompiling "resources/public/js/compiled/app.js" from ["src/cljs"]...
[32mSuccessfully compiled "resources/public/js/compiled/app.js" in 0.13 seconds.[0m
notifying browser that file changed:  /hearsay/core.js
[0mCompiling "resources/public/js/compiled/app.js" from ["src/cljs"]...
[32mSuccessfully compiled "resources/public/js/compiled/app.js" in 0.126 seconds.[0m
notifying browser that file changed:  /hearsay/core.js
[0mCompiling "resources/public/js/compiled/app.js" from ["src/cljs"]...
WARNING: Use of undeclared Var hearsay.core/dispatch-sync at line 19 src/cljs/hearsay/core.cljs
WARNING: Use of undeclared Var hearsay.core/episodes-list at line 20 src/cljs/hearsay/core.cljs
[32mSuccessfully compiled "resources/public/js/compiled/app.js" in 0.168 seconds.[0m
notifying browser that file changed:  /hearsay/core.js
[0mCompiling "resources/public/js/compiled/app.js" from ["src/cljs"]...
WARNING: Use of undeclared Var hearsay.core/dispatch-sync at line 29 src/cljs/hearsay/core.cljs
[32mSuccessfully compiled "resources/public/js/compiled/app.js" in 0.158 seconds.[0m
notifying browser that file changed:  /hearsay/core.js
[0mCompiling "resources/public/js/compiled/app.js" from ["src/cljs"]...
WARNING: Use of undeclared Var hearsay.core/dispatch-sync at line 31 src/cljs/hearsay/core.cljs
[32mSuccessfully compiled "resources/public/js/compiled/app.js" in 0.181 seconds.[0m
notifying browser that file changed:  /hearsay/core.js
Figwheel: focusing on build-ids (dev)
[0mCompiling "resources/public/js/compiled/app.js" from ["src/cljs"]...
[32mSuccessfully compiled "resources/public/js/compiled/app.js" in 0.876 seconds.[0m
notifying browser that file changed:  resources/public/js/compiled/out/goog/deps.js
notifying browser that file changed:  resources/public/js/compiled/out/cljs_deps.js
notifying browser that file changed:  /hearsay/core.js
[0mCompiling "resources/public/js/compiled/app.js" from ["src/cljs"]...
WARNING: Use of undeclared Var hearsay.core/dispatch-sync at line 30 src/cljs/hearsay/core.cljs
[32mSuccessfully compiled "resources/public/js/compiled/app.js" in 0.531 seconds.[0m
notifying browser that file changed:  resources/public/js/compiled/out/cljs_deps.js
notifying browser that file changed:  /hearsay/core.js
[0mCompiling "resources/public/js/compiled/app.js" from ["src/cljs"]...
[32mSuccessfully compiled "resources/public/js/compiled/app.js" in 0.228 seconds.[0m
notifying browser that file changed:  /hearsay/core.js
Figwheel: focusing on build-ids (dev)
[0mCompiling "resources/public/js/compiled/app.js" from ["src/cljs"]...
[32mSuccessfully compiled "resources/public/js/compiled/app.js" in 0.635 seconds.[0m
notifying browser that file changed:  resources/public/js/compiled/out/goog/deps.js
notifying browser that file changed:  resources/public/js/compiled/out/cljs_deps.js
notifying browser that file changed:  /hearsay/core.js
[0mCompiling "resources/public/js/compiled/app.js" from ["src/cljs"]...
[32mSuccessfully compiled "resources/public/js/compiled/app.js" in 0.367 seconds.[0m
notifying browser that file changed:  resources/public/js/compiled/out/cljs_deps.js
notifying browser that file changed:  /hearsay/core.js
[0mCompiling "resources/public/js/compiled/app.js" from ["src/cljs"]...
[32mSuccessfully compiled "resources/public/js/compiled/app.js" in 0.299 seconds.[0m
notifying browser that file changed:  /hearsay/core.js
[0mCompiling "resources/public/js/compiled/app.js" from ["src/cljs"]...
[32mSuccessfully compiled "resources/public/js/compiled/app.js" in 0.234 seconds.[0m
notifying browser that file changed:  /hearsay/core.js
[0mCompiling "resources/public/js/compiled/app.js" from ["src/cljs"]...
[32mSuccessfully compiled "resources/public/js/compiled/app.js" in 0.309 seconds.[0m
notifying browser that file changed:  /hearsay/core.js
[0mCompiling "resources/public/js/compiled/app.js" from ["src/cljs"]...
WARNING: Use of undeclared Var hearsay.core/class at line 32 src/cljs/hearsay/core.cljs
[32mSuccessfully compiled "resources/public/js/compiled/app.js" in 0.509 seconds.[0m
notifying browser that file changed:  /hearsay/core.js
[0mCompiling "resources/public/js/compiled/app.js" from ["src/cljs"]...
[32mSuccessfully compiled "resources/public/js/compiled/app.js" in 0.187 seconds.[0m
notifying browser that file changed:  /hearsay/core.js
[0mCompiling "resources/public/js/compiled/app.js" from ["src/cljs"]...
[32mSuccessfully compiled "resources/public/js/compiled/app.js" in 0.173 seconds.[0m
notifying browser that file changed:  /hearsay/core.js
[0mCompiling "resources/public/js/compiled/app.js" from ["src/cljs"]...
[32mSuccessfully compiled "resources/public/js/compiled/app.js" in 0.174 seconds.[0m
notifying browser that file changed:  /hearsay/core.js
[0mCompiling "resources/public/js/compiled/app.js" from ["src/cljs"]...
[32mSuccessfully compiled "resources/public/js/compiled/app.js" in 0.2 seconds.[0m
notifying browser that file changed:  /hearsay/core.js
[0mCompiling "resources/public/js/compiled/app.js" from ["src/cljs"]...
[32mSuccessfully compiled "resources/public/js/compiled/app.js" in 0.257 seconds.[0m
notifying browser that file changed:  /hearsay/core.js
[0mCompiling "resources/public/js/compiled/app.js" from ["src/cljs"]...
[32mSuccessfully compiled "resources/public/js/compiled/app.js" in 0.205 seconds.[0m
notifying browser that file changed:  /hearsay/core.js
[0mCompiling "resources/public/js/compiled/app.js" from ["src/cljs"]...
[32mSuccessfully compiled "resources/public/js/compiled/app.js" in 0.183 seconds.[0m
notifying browser that file changed:  /hearsay/core.js
[0mCompiling "resources/public/js/compiled/app.js" from ["src/cljs"]...
[32mSuccessfully compiled "resources/public/js/compiled/app.js" in 0.182 seconds.[0m
notifying browser that file changed:  /hearsay/core.js
[0mCompiling "resources/public/js/compiled/app.js" from ["src/cljs"]...
[32mSuccessfully compiled "resources/public/js/compiled/app.js" in 0.18 seconds.[0m
notifying browser that file changed:  /hearsay/core.js
[0mCompiling "resources/public/js/compiled/app.js" from ["src/cljs"]...
[32mSuccessfully compiled "resources/public/js/compiled/app.js" in 0.178 seconds.[0m
notifying browser that file changed:  /hearsay/core.js
[0mCompiling "resources/public/js/compiled/app.js" from ["src/cljs"]...
[32mSuccessfully compiled "resources/public/js/compiled/app.js" in 0.397 seconds.[0m
notifying browser that file changed:  /hearsay/core.js
[0mCompiling "resources/public/js/compiled/app.js" from ["src/cljs"]...
[32mSuccessfully compiled "resources/public/js/compiled/app.js" in 0.274 seconds.[0m
notifying browser that file changed:  /hearsay/core.js
[0mCompiling "resources/public/js/compiled/app.js" from ["src/cljs"]...
[32mSuccessfully compiled "resources/public/js/compiled/app.js" in 0.24 seconds.[0m
notifying browser that file changed:  /hearsay/core.js
[0mCompiling "resources/public/js/compiled/app.js" from ["src/cljs"]...
[32mSuccessfully compiled "resources/public/js/compiled/app.js" in 0.269 seconds.[0m
notifying browser that file changed:  /hearsay/core.js
[0mCompiling "resources/public/js/compiled/app.js" from ["src/cljs"]...
[32mSuccessfully compiled "resources/public/js/compiled/app.js" in 0.46 seconds.[0m
notifying browser that file changed:  /hearsay/core.js
[0mCompiling "resources/public/js/compiled/app.js" from ["src/cljs"]...
[32mSuccessfully compiled "resources/public/js/compiled/app.js" in 0.213 seconds.[0m
notifying browser that file changed:  /hearsay/core.js
[0mCompiling "resources/public/js/compiled/app.js" from ["src/cljs"]...
[32mSuccessfully compiled "resources/public/js/compiled/app.js" in 0.305 seconds.[0m
notifying browser that file changed:  /hearsay/core.js
[0mCompiling "resources/public/js/compiled/app.js" from ["src/cljs"]...
[32mSuccessfully compiled "resources/public/js/compiled/app.js" in 0.305 seconds.[0m
notifying browser that file changed:  /hearsay/core.js
[0mCompiling "resources/public/js/compiled/app.js" from ["src/cljs"]...
[32mSuccessfully compiled "resources/public/js/compiled/app.js" in 0.209 seconds.[0m
notifying browser that file changed:  /hearsay/core.js
[0mCompiling "resources/public/js/compiled/app.js" from ["src/cljs"]...
[32mSuccessfully compiled "resources/public/js/compiled/app.js" in 0.194 seconds.[0m
notifying browser that file changed:  /hearsay/core.js
[0mCompiling "resources/public/js/compiled/app.js" from ["src/cljs"]...
[32mSuccessfully compiled "resources/public/js/compiled/app.js" in 0.161 seconds.[0m
notifying browser that file changed:  /hearsay/core.js
[0mCompiling "resources/public/js/compiled/app.js" from ["src/cljs"]...
[32mSuccessfully compiled "resources/public/js/compiled/app.js" in 0.187 seconds.[0m
notifying browser that file changed:  /hearsay/core.js
[0mCompiling "resources/public/js/compiled/app.js" from ["src/cljs"]...
[32mSuccessfully compiled "resources/public/js/compiled/app.js" in 0.189 seconds.[0m
notifying browser that file changed:  /hearsay/core.js
[0mCompiling "resources/public/js/compiled/app.js" from ["src/cljs"]...
[32mSuccessfully compiled "resources/public/js/compiled/app.js" in 0.167 seconds.[0m
notifying browser that file changed:  /hearsay/core.js
[0mCompiling "resources/public/js/compiled/app.js" from ["src/cljs"]...
[32mSuccessfully compiled "resources/public/js/compiled/app.js" in 0.343 seconds.[0m
notifying browser that file changed:  /hearsay/core.js
[0mCompiling "resources/public/js/compiled/app.js" from ["src/cljs"]...
[32mSuccessfully compiled "resources/public/js/compiled/app.js" in 0.198 seconds.[0m
notifying browser that file changed:  /hearsay/core.js
[0mCompiling "resources/public/js/compiled/app.js" from ["src/cljs"]...
[31mCompiling "resources/public/js/compiled/app.js" failed.[0m
ERROR: Invalid token: :i: on file /Users/nhendawi/Projects/cljs_work/hearsay/src/cljs/hearsay/core.cljs, line 16, column 26
[0mCompiling "resources/public/js/compiled/app.js" from ["src/cljs"]...
[32mSuccessfully compiled "resources/public/js/compiled/app.js" in 0.279 seconds.[0m
notifying browser that file changed:  /hearsay/core.js
[0mCompiling "resources/public/js/compiled/app.js" from ["src/cljs"]...
[32mSuccessfully compiled "resources/public/js/compiled/app.js" in 0.412 seconds.[0m
notifying browser that file changed:  /hearsay/core.js
[0mCompiling "resources/public/js/compiled/app.js" from ["src/cljs"]...
[32mSuccessfully compiled "resources/public/js/compiled/app.js" in 0.222 seconds.[0m
notifying browser that file changed:  /hearsay/core.js
[0mCompiling "resources/public/js/compiled/app.js" from ["src/cljs"]...
WARNING: Use of undeclared Var hearsay.core/db at line 34 src/cljs/hearsay/core.cljs
[32mSuccessfully compiled "resources/public/js/compiled/app.js" in 0.232 seconds.[0m
notifying browser that file changed:  /hearsay/core.js
[0mCompiling "resources/public/js/compiled/app.js" from ["src/cljs"]...
WARNING: Use of undeclared Var hearsay.core/db at line 35 src/cljs/hearsay/core.cljs
[32mSuccessfully compiled "resources/public/js/compiled/app.js" in 0.326 seconds.[0m
notifying browser that file changed:  /hearsay/core.js
[0mCompiling "resources/public/js/compiled/app.js" from ["src/cljs"]...
[32mSuccessfully compiled "resources/public/js/compiled/app.js" in 0.207 seconds.[0m
notifying browser that file changed:  /hearsay/core.js
[0mCompiling "resources/public/js/compiled/app.js" from ["src/cljs"]...
[32mSuccessfully compiled "resources/public/js/compiled/app.js" in 0.197 seconds.[0m
notifying browser that file changed:  /hearsay/core.js
[0mCompiling "resources/public/js/compiled/app.js" from ["src/cljs"]...
[32mSuccessfully compiled "resources/public/js/compiled/app.js" in 0.262 seconds.[0m
notifying browser that file changed:  /hearsay/core.js
[0mCompiling "resources/public/js/compiled/app.js" from ["src/cljs"]...
[32mSuccessfully compiled "resources/public/js/compiled/app.js" in 0.25 seconds.[0m
notifying browser that file changed:  /hearsay/core.js
[0mCompiling "resources/public/js/compiled/app.js" from ["src/cljs"]...
[32mSuccessfully compiled "resources/public/js/compiled/app.js" in 0.274 seconds.[0m
notifying browser that file changed:  /hearsay/core.js
[0mCompiling "resources/public/js/compiled/app.js" from ["src/cljs"]...
[32mSuccessfully compiled "resources/public/js/compiled/app.js" in 0.363 seconds.[0m
notifying browser that file changed:  /hearsay/core.js
[0mCompiling "resources/public/js/compiled/app.js" from ["src/cljs"]...
[32mSuccessfully compiled "resources/public/js/compiled/app.js" in 0.214 seconds.[0m
notifying browser that file changed:  /hearsay/core.js
[0mCompiling "resources/public/js/compiled/app.js" from ["src/cljs"]...
[32mSuccessfully compiled "resources/public/js/compiled/app.js" in 0.201 seconds.[0m
notifying browser that file changed:  /hearsay/core.js
[0mCompiling "resources/public/js/compiled/app.js" from ["src/cljs"]...
[32mSuccessfully compiled "resources/public/js/compiled/app.js" in 0.26 seconds.[0m
notifying browser that file changed:  /hearsay/core.js
[0mCompiling "resources/public/js/compiled/app.js" from ["src/cljs"]...
[32mSuccessfully compiled "resources/public/js/compiled/app.js" in 0.227 seconds.[0m
notifying browser that file changed:  /hearsay/core.js
[0mCompiling "resources/public/js/compiled/app.js" from ["src/cljs"]...
[32mSuccessfully compiled "resources/public/js/compiled/app.js" in 0.184 seconds.[0m
notifying browser that file changed:  /hearsay/core.js
[0mCompiling "resources/public/js/compiled/app.js" from ["src/cljs"]...
[32mSuccessfully compiled "resources/public/js/compiled/app.js" in 0.329 seconds.[0m
notifying browser that file changed:  /hearsay/core.js
[0mCompiling "resources/public/js/compiled/app.js" from ["src/cljs"]...
[32mSuccessfully compiled "resources/public/js/compiled/app.js" in 0.281 seconds.[0m
notifying browser that file changed:  resources/public/js/compiled/out/cljs_deps.js
notifying browser that file changed:  /hearsay/core.js
[0mCompiling "resources/public/js/compiled/app.js" from ["src/cljs"]...
[32mSuccessfully compiled "resources/public/js/compiled/app.js" in 0.335 seconds.[0m
notifying browser that file changed:  resources/public/js/compiled/out/cljs_deps.js
notifying browser that file changed:  /hearsay/core.js
[0mCompiling "resources/public/js/compiled/app.js" from ["src/cljs"]...
[32mSuccessfully compiled "resources/public/js/compiled/app.js" in 0.25 seconds.[0m
notifying browser that file changed:  /hearsay/core.js
[0mCompiling "resources/public/js/compiled/app.js" from ["src/cljs"]...
[32mSuccessfully compiled "resources/public/js/compiled/app.js" in 0.205 seconds.[0m
notifying browser that file changed:  /hearsay/core.js
[0mCompiling "resources/public/js/compiled/app.js" from ["src/cljs"]...
[32mSuccessfully compiled "resources/public/js/compiled/app.js" in 0.276 seconds.[0m
notifying browser that file changed:  /hearsay/core.js
[0mCompiling "resources/public/js/compiled/app.js" from ["src/cljs"]...
[31mCompiling "resources/public/js/compiled/app.js" failed.[0m
ERROR: Unmatched delimiter ) on file /Users/nhendawi/Projects/cljs_work/hearsay/src/cljs/hearsay/core.cljs, line 50, column 88
[0mCompiling "resources/public/js/compiled/app.js" from ["src/cljs"]...
WARNING: Use of undeclared Var hearsay.core/src at line 50 src/cljs/hearsay/core.cljs
WARNING: Use of undeclared Var hearsay.core/src at line 50 src/cljs/hearsay/core.cljs
[32mSuccessfully compiled "resources/public/js/compiled/app.js" in 0.298 seconds.[0m
notifying browser that file changed:  /hearsay/core.js
[0mCompiling "resources/public/js/compiled/app.js" from ["src/cljs"]...
[32mSuccessfully compiled "resources/public/js/compiled/app.js" in 0.277 seconds.[0m
notifying browser that file changed:  /hearsay/core.js
[0mCompiling "resources/public/js/compiled/app.js" from ["src/cljs"]...
[32mSuccessfully compiled "resources/public/js/compiled/app.js" in 0.306 seconds.[0m
notifying browser that file changed:  /hearsay/core.js
[0mCompiling "resources/public/js/compiled/app.js" from ["src/cljs"]...
[32mSuccessfully compiled "resources/public/js/compiled/app.js" in 0.256 seconds.[0m
notifying browser that file changed:  /hearsay/core.js
[0mCompiling "resources/public/js/compiled/app.js" from ["src/cljs"]...
[32mSuccessfully compiled "resources/public/js/compiled/app.js" in 0.306 seconds.[0m
notifying browser that file changed:  /hearsay/core.js
[0mCompiling "resources/public/js/compiled/app.js" from ["src/cljs"]...
[32mSuccessfully compiled "resources/public/js/compiled/app.js" in 0.282 seconds.[0m
notifying browser that file changed:  /hearsay/core.js
[0mCompiling "resources/public/js/compiled/app.js" from ["src/cljs"]...
[32mSuccessfully compiled "resources/public/js/compiled/app.js" in 0.209 seconds.[0m
notifying browser that file changed:  /hearsay/core.js
[0mCompiling "resources/public/js/compiled/app.js" from ["src/cljs"]...
[32mSuccessfully compiled "resources/public/js/compiled/app.js" in 0.229 seconds.[0m
notifying browser that file changed:  /hearsay/core.js
[0mCompiling "resources/public/js/compiled/app.js" from ["src/cljs"]...
WARNING: Wrong number of args (4) passed to re-frame.core/register-handler at line 30 src/cljs/hearsay/core.cljs
[32mSuccessfully compiled "resources/public/js/compiled/app.js" in 0.261 seconds.[0m
notifying browser that file changed:  /hearsay/core.js
[0mCompiling "resources/public/js/compiled/app.js" from ["src/cljs"]...
[32mSuccessfully compiled "resources/public/js/compiled/app.js" in 0.2 seconds.[0m
notifying browser that file changed:  /hearsay/core.js
[0mCompiling "resources/public/js/compiled/app.js" from ["src/cljs"]...
[32mSuccessfully compiled "resources/public/js/compiled/app.js" in 0.207 seconds.[0m
notifying browser that file changed:  /hearsay/core.js
[0mCompiling "resources/public/js/compiled/app.js" from ["src/cljs"]...
[32mSuccessfully compiled "resources/public/js/compiled/app.js" in 0.203 seconds.[0m
notifying browser that file changed:  /hearsay/core.js
[0mCompiling "resources/public/js/compiled/app.js" from ["src/cljs"]...
[32mSuccessfully compiled "resources/public/js/compiled/app.js" in 0.29 seconds.[0m
notifying browser that file changed:  /hearsay/core.js
[0mCompiling "resources/public/js/compiled/app.js" from ["src/cljs"]...
[32mSuccessfully compiled "resources/public/js/compiled/app.js" in 0.205 seconds.[0m
notifying browser that file changed:  /hearsay/core.js
[0mCompiling "resources/public/js/compiled/app.js" from ["src/cljs"]...
[32mSuccessfully compiled "resources/public/js/compiled/app.js" in 0.266 seconds.[0m
notifying browser that file changed:  /hearsay/core.js
[0mCompiling "resources/public/js/compiled/app.js" from ["src/cljs"]...
[32mSuccessfully compiled "resources/public/js/compiled/app.js" in 0.231 seconds.[0m
notifying browser that file changed:  /hearsay/core.js
[0mCompiling "resources/public/js/compiled/app.js" from ["src/cljs"]...
[32mSuccessfully compiled "resources/public/js/compiled/app.js" in 0.295 seconds.[0m
notifying browser that file changed:  /hearsay/core.js
[0mCompiling "resources/public/js/compiled/app.js" from ["src/cljs"]...
[32mSuccessfully compiled "resources/public/js/compiled/app.js" in 0.2 seconds.[0m
notifying browser that file changed:  /hearsay/core.js
[0mCompiling "resources/public/js/compiled/app.js" from ["src/cljs"]...
[32mSuccessfully compiled "resources/public/js/compiled/app.js" in 0.258 seconds.[0m
notifying browser that file changed:  /hearsay/core.js
[0mCompiling "resources/public/js/compiled/app.js" from ["src/cljs"]...
[32mSuccessfully compiled "resources/public/js/compiled/app.js" in 0.192 seconds.[0m
notifying browser that file changed:  /hearsay/core.js
[0mCompiling "resources/public/js/compiled/app.js" from ["src/cljs"]...
[32mSuccessfully compiled "resources/public/js/compiled/app.js" in 0.194 seconds.[0m
notifying browser that file changed:  /hearsay/core.js
[0mCompiling "resources/public/js/compiled/app.js" from ["src/cljs"]...
[32mSuccessfully compiled "resources/public/js/compiled/app.js" in 0.212 seconds.[0m
notifying browser that file changed:  resources/public/js/compiled/out/cljs_deps.js
notifying browser that file changed:  /hearsay/core.js
[0mCompiling "resources/public/js/compiled/app.js" from ["src/cljs"]...
[32mSuccessfully compiled "resources/public/js/compiled/app.js" in 0.312 seconds.[0m
notifying browser that file changed:  resources/public/js/compiled/out/cljs_deps.js
notifying browser that file changed:  /hearsay/core.js
[0mCompiling "resources/public/js/compiled/app.js" from ["src/cljs"]...
[32mSuccessfully compiled "resources/public/js/compiled/app.js" in 0.183 seconds.[0m
notifying browser that file changed:  /hearsay/core.js
[0mCompiling "resources/public/js/compiled/app.js" from ["src/cljs"]...
[32mSuccessfully compiled "resources/public/js/compiled/app.js" in 0.192 seconds.[0m
notifying browser that file changed:  resources/public/js/compiled/out/cljs_deps.js
notifying browser that file changed:  /hearsay/core.js
Figwheel: focusing on build-ids (dev)
[0mCompiling "resources/public/js/compiled/app.js" from ["src/cljs"]...
[32mSuccessfully compiled "resources/public/js/compiled/app.js" in 0.358 seconds.[0m
notifying browser that file changed:  resources/public/js/compiled/out/goog/deps.js
notifying browser that file changed:  resources/public/js/compiled/out/cljs_deps.js
notifying browser that file changed:  /hearsay/core.js
[0mCompiling "resources/public/js/compiled/app.js" from ["src/cljs"]...
[32mSuccessfully compiled "resources/public/js/compiled/app.js" in 0.407 seconds.[0m
notifying browser that file changed:  resources/public/js/compiled/out/cljs_deps.js
notifying browser that file changed:  /hearsay/core.js
[0mCompiling "resources/public/js/compiled/app.js" from ["src/cljs"]...
[32mSuccessfully compiled "resources/public/js/compiled/app.js" in 0.371 seconds.[0m
notifying browser that file changed:  /hearsay/core.js
[0mCompiling "resources/public/js/compiled/app.js" from ["src/cljs"]...
[32mSuccessfully compiled "resources/public/js/compiled/app.js" in 0.401 seconds.[0m
notifying browser that file changed:  /hearsay/core.js
[0mCompiling "resources/public/js/compiled/app.js" from ["src/cljs"]...
[32mSuccessfully compiled "resources/public/js/compiled/app.js" in 0.403 seconds.[0m
notifying browser that file changed:  /hearsay/core.js
[0mCompiling "resources/public/js/compiled/app.js" from ["src/cljs"]...
[32mSuccessfully compiled "resources/public/js/compiled/app.js" in 0.431 seconds.[0m
notifying browser that file changed:  /hearsay/core.js
[0mCompiling "resources/public/js/compiled/app.js" from ["src/cljs"]...
[32mSuccessfully compiled "resources/public/js/compiled/app.js" in 0.578 seconds.[0m
notifying browser that file changed:  /hearsay/core.js
[0mCompiling "resources/public/js/compiled/app.js" from ["src/cljs"]...
[32mSuccessfully compiled "resources/public/js/compiled/app.js" in 0.43 seconds.[0m
notifying browser that file changed:  /hearsay/core.js
[0mCompiling "resources/public/js/compiled/app.js" from ["src/cljs"]...
[32mSuccessfully compiled "resources/public/js/compiled/app.js" in 0.962 seconds.[0m
notifying browser that file changed:  /hearsay/core.js
[0mCompiling "resources/public/js/compiled/app.js" from ["src/cljs"]...
[32mSuccessfully compiled "resources/public/js/compiled/app.js" in 0.559 seconds.[0m
notifying browser that file changed:  /hearsay/core.js
[0mCompiling "resources/public/js/compiled/app.js" from ["src/cljs"]...
WARNING: No such namespace: JSON, could not locate JSON.cljs, JSON.cljc, or Closure namespace "" at line 67 src/cljs/hearsay/core.cljs
WARNING: Use of undeclared Var JSON/parse at line 67 src/cljs/hearsay/core.cljs
[32mSuccessfully compiled "resources/public/js/compiled/app.js" in 0.493 seconds.[0m
notifying browser that file changed:  resources/public/js/compiled/out/cljs_deps.js
notifying browser that file changed:  /hearsay/core.js
[0mCompiling "resources/public/js/compiled/app.js" from ["src/cljs"]...
WARNING: No such namespace: JSON, could not locate JSON.cljs, JSON.cljc, or Closure namespace "" at line 67 src/cljs/hearsay/core.cljs
WARNING: Use of undeclared Var JSON/parse at line 67 src/cljs/hearsay/core.cljs
[32mSuccessfully compiled "resources/public/js/compiled/app.js" in 0.513 seconds.[0m
notifying browser that file changed:  resources/public/js/compiled/out/cljs_deps.js
notifying browser that file changed:  /hearsay/core.js
[0mCompiling "resources/public/js/compiled/app.js" from ["src/cljs"]...
WARNING: No such namespace: JSON, could not locate JSON.cljs, JSON.cljc, or Closure namespace "" at line 67 src/cljs/hearsay/core.cljs
WARNING: Use of undeclared Var JSON/parse at line 67 src/cljs/hearsay/core.cljs
[32mSuccessfully compiled "resources/public/js/compiled/app.js" in 0.358 seconds.[0m
notifying browser that file changed:  /hearsay/core.js
[0mCompiling "resources/public/js/compiled/app.js" from ["src/cljs"]...
WARNING: No such namespace: JSON, could not locate JSON.cljs, JSON.cljc, or Closure namespace "" at line 67 src/cljs/hearsay/core.cljs
WARNING: Use of undeclared Var JSON/parse at line 67 src/cljs/hearsay/core.cljs
[32mSuccessfully compiled "resources/public/js/compiled/app.js" in 0.304 seconds.[0m
notifying browser that file changed:  /hearsay/core.js
[0mCompiling "resources/public/js/compiled/app.js" from ["src/cljs"]...
WARNING: No such namespace: JSON, could not locate JSON.cljs, JSON.cljc, or Closure namespace "" at line 68 src/cljs/hearsay/core.cljs
WARNING: Use of undeclared Var JSON/parse at line 68 src/cljs/hearsay/core.cljs
[32mSuccessfully compiled "resources/public/js/compiled/app.js" in 0.319 seconds.[0m
notifying browser that file changed:  /hearsay/core.js
[0mCompiling "resources/public/js/compiled/app.js" from ["src/cljs"]...
[32mSuccessfully compiled "resources/public/js/compiled/app.js" in 0.339 seconds.[0m
notifying browser that file changed:  /hearsay/core.js
[0mCompiling "resources/public/js/compiled/app.js" from ["src/cljs"]...
[31mCompiling "resources/public/js/compiled/app.js" failed.[0m
clojure.lang.ExceptionInfo: failed compiling file:src/cljs/hearsay/core.cljs
 at clojure.core$ex_info.invoke (core.clj:4593)
    cljs.compiler$compile_file$fn__3138.invoke (compiler.cljc:1344)
    cljs.compiler$compile_file.invoke (compiler.cljc:1306)
    cljs.compiler$compile_root.invoke (compiler.cljc:1381)
    cljs.closure$compile_dir.invoke (closure.clj:438)
    cljs.closure$eval3582$fn__3583.invoke (closure.clj:478)
    cljs.closure$eval3534$fn__3535$G__3525__3542.invoke (closure.clj:383)
    cljs.closure$eval3595$fn__3596.invoke (closure.clj:492)
    cljs.closure$eval3534$fn__3535$G__3525__3542.invoke (closure.clj:383)
    clojurescript_build.core.CompilableSourcePaths/fn (core.clj:20)
    clojure.lang.PersistentVector.reduce (PersistentVector.java:333)
    clojure.core$reduce.invoke (core.clj:6518)
    clojurescript_build.core.CompilableSourcePaths._compile (core.clj:19)
    cljs.closure$build.invoke (closure.clj:1674)
    clojurescript_build.core$build_source_paths_STAR_.invoke (core.clj:160)
    figwheel_sidecar.auto_builder$default_build_options$fn__16004.invoke (auto_builder.clj:61)
    figwheel_sidecar.auto_builder$insert_figwheel_connect_script$fn__16050.invoke (auto_builder.clj:201)
    figwheel_sidecar.auto_builder$warning$fn__16001.invoke (auto_builder.clj:57)
    clojurescript_build.auto$time_build$fn__15804.invoke (auto.clj:56)
    clojurescript_build.auto$after$fn__15810.invoke (auto.clj:65)
    clojurescript_build.auto$after$fn__15810.invoke (auto.clj:65)
    clojurescript_build.auto$error$fn__15813.invoke (auto.clj:72)
    clojurescript_build.auto$before$fn__15807.invoke (auto.clj:61)
    clojurescript_build.auto$make_conditional_builder$fn__15825.invoke (auto.clj:104)
    clojure.core$mapv$fn__6727.invoke (core.clj:6616)
    clojure.lang.PersistentVector.reduce (PersistentVector.java:333)
    clojure.core$reduce.invoke (core.clj:6518)
    clojure.core$mapv.invoke (core.clj:6616)
    clojurescript_build.auto$autobuild_STAR_$fn__15911$state_machine__9347__auto____15912$fn__15917.invoke (auto.clj:187)
    clojurescript_build.auto$autobuild_STAR_$fn__15911$state_machine__9347__auto____15912.invoke (auto.clj:178)
[0mCompiling "resources/public/js/compiled/app.js" from ["src/cljs"]...
WARNING: No such namespace: JSON, could not locate JSON.cljs, JSON.cljc, or Closure namespace "" at line 68 src/cljs/hearsay/core.cljs
WARNING: Use of undeclared Var JSON/parse at line 68 src/cljs/hearsay/core.cljs
[32mSuccessfully compiled "resources/public/js/compiled/app.js" in 0.457 seconds.[0m
notifying browser that file changed:  /hearsay/core.js
[0mCompiling "resources/public/js/compiled/app.js" from ["src/cljs"]...
WARNING: No such namespace: JSON, could not locate JSON.cljs, JSON.cljc, or Closure namespace "" at line 68 src/cljs/hearsay/core.cljs
WARNING: Use of undeclared Var JSON/parse at line 68 src/cljs/hearsay/core.cljs
[32mSuccessfully compiled "resources/public/js/compiled/app.js" in 0.335 seconds.[0m
notifying browser that file changed:  /hearsay/core.js
[0mCompiling "resources/public/js/compiled/app.js" from ["src/cljs"]...
WARNING: No such namespace: JSON, could not locate JSON.cljs, JSON.cljc, or Closure namespace "" at line 67 src/cljs/hearsay/core.cljs
WARNING: Use of undeclared Var JSON/parse at line 67 src/cljs/hearsay/core.cljs
[32mSuccessfully compiled "resources/public/js/compiled/app.js" in 0.257 seconds.[0m
notifying browser that file changed:  /hearsay/core.js
[0mCompiling "resources/public/js/compiled/app.js" from ["src/cljs"]...
[32mSuccessfully compiled "resources/public/js/compiled/app.js" in 0.267 seconds.[0m
notifying browser that file changed:  /hearsay/core.js
[0mCompiling "resources/public/js/compiled/app.js" from ["src/cljs"]...
[32mSuccessfully compiled "resources/public/js/compiled/app.js" in 0.257 seconds.[0m
notifying browser that file changed:  /hearsay/core.js
[0mCompiling "resources/public/js/compiled/app.js" from ["src/cljs"]...
[32mSuccessfully compiled "resources/public/js/compiled/app.js" in 0.243 seconds.[0m
notifying browser that file changed:  /hearsay/core.js
[0mCompiling "resources/public/js/compiled/app.js" from ["src/cljs"]...
[32mSuccessfully compiled "resources/public/js/compiled/app.js" in 0.249 seconds.[0m
notifying browser that file changed:  /hearsay/core.js
[0mCompiling "resources/public/js/compiled/app.js" from ["src/cljs"]...
[32mSuccessfully compiled "resources/public/js/compiled/app.js" in 0.257 seconds.[0m
notifying browser that file changed:  /hearsay/core.js
[0mCompiling "resources/public/js/compiled/app.js" from ["src/cljs"]...
[32mSuccessfully compiled "resources/public/js/compiled/app.js" in 0.215 seconds.[0m
notifying browser that file changed:  /hearsay/core.js
[0mCompiling "resources/public/js/compiled/app.js" from ["src/cljs"]...
[32mSuccessfully compiled "resources/public/js/compiled/app.js" in 0.205 seconds.[0m
notifying browser that file changed:  /hearsay/core.js
[0mCompiling "resources/public/js/compiled/app.js" from ["src/cljs"]...
WARNING: Use of undeclared Var hearsay.core/todos-list at line 82 src/cljs/hearsay/core.cljs
[32mSuccessfully compiled "resources/public/js/compiled/app.js" in 0.312 seconds.[0m
notifying browser that file changed:  /hearsay/core.js
[0mCompiling "resources/public/js/compiled/app.js" from ["src/cljs"]...
[32mSuccessfully compiled "resources/public/js/compiled/app.js" in 0.303 seconds.[0m
notifying browser that file changed:  /hearsay/core.js
[0mCompiling "resources/public/js/compiled/app.js" from ["src/cljs"]...
[32mSuccessfully compiled "resources/public/js/compiled/app.js" in 0.305 seconds.[0m
notifying browser that file changed:  /hearsay/core.js
[0mCompiling "resources/public/js/compiled/app.js" from ["src/cljs"]...
[32mSuccessfully compiled "resources/public/js/compiled/app.js" in 0.234 seconds.[0m
notifying browser that file changed:  /hearsay/core.js
[0mCompiling "resources/public/js/compiled/app.js" from ["src/cljs"]...
WARNING: Use of undeclared Var hearsay.core/!todos at line 85 src/cljs/hearsay/core.cljs
[32mSuccessfully compiled "resources/public/js/compiled/app.js" in 0.368 seconds.[0m
notifying browser that file changed:  /hearsay/core.js
[0mCompiling "resources/public/js/compiled/app.js" from ["src/cljs"]...
[32mSuccessfully compiled "resources/public/js/compiled/app.js" in 0.281 seconds.[0m
notifying browser that file changed:  resources/public/js/compiled/out/cljs_deps.js
notifying browser that file changed:  /hearsay/core.js
[0mCompiling "resources/public/js/compiled/app.js" from ["src/cljs"]...
[32mSuccessfully compiled "resources/public/js/compiled/app.js" in 0.253 seconds.[0m
notifying browser that file changed:  resources/public/js/compiled/out/cljs_deps.js
notifying browser that file changed:  /hearsay/core.js
[0mCompiling "resources/public/js/compiled/app.js" from ["src/cljs"]...
WARNING: Use of undeclared Var hearsay.core/episodes-list at line 68 src/cljs/hearsay/core.cljs
WARNING: Use of undeclared Var hearsay.core/todos-list at line 69 src/cljs/hearsay/core.cljs
[32mSuccessfully compiled "resources/public/js/compiled/app.js" in 0.369 seconds.[0m
notifying browser that file changed:  /hearsay/core.js
[0mCompiling "resources/public/js/compiled/app.js" from ["src/cljs"]...
WARNING: Use of undeclared Var hearsay.core/episodes-list at line 68 src/cljs/hearsay/core.cljs
WARNING: Use of undeclared Var hearsay.core/todos-list at line 69 src/cljs/hearsay/core.cljs
[32mSuccessfully compiled "resources/public/js/compiled/app.js" in 0.487 seconds.[0m
notifying browser that file changed:  /hearsay/core.js
[0mCompiling "resources/public/js/compiled/app.js" from ["src/cljs"]...
WARNING: Use of undeclared Var hearsay.core/episodes-list at line 68 src/cljs/hearsay/core.cljs
WARNING: Use of undeclared Var hearsay.core/todos-list at line 69 src/cljs/hearsay/core.cljs
[32mSuccessfully compiled "resources/public/js/compiled/app.js" in 0.433 seconds.[0m
notifying browser that file changed:  /hearsay/core.js
[0mCompiling "resources/public/js/compiled/app.js" from ["src/cljs"]...
WARNING: Use of undeclared Var hearsay.core/episodes-list at line 68 src/cljs/hearsay/core.cljs
WARNING: Use of undeclared Var hearsay.core/todos-list at line 69 src/cljs/hearsay/core.cljs
WARNING: Use of undeclared Var hearsay.core/todo at line 99 src/cljs/hearsay/core.cljs
[32mSuccessfully compiled "resources/public/js/compiled/app.js" in 0.462 seconds.[0m
notifying browser that file changed:  /hearsay/core.js
[0mCompiling "resources/public/js/compiled/app.js" from ["src/cljs"]...
WARNING: Use of undeclared Var hearsay.core/episodes-list at line 68 src/cljs/hearsay/core.cljs
WARNING: Use of undeclared Var hearsay.core/todos-list at line 69 src/cljs/hearsay/core.cljs
WARNING: Use of undeclared Var hearsay.core/todo at line 99 src/cljs/hearsay/core.cljs
WARNING: Use of undeclared Var hearsay.core/todo at line 99 src/cljs/hearsay/core.cljs
[32mSuccessfully compiled "resources/public/js/compiled/app.js" in 0.417 seconds.[0m
notifying browser that file changed:  /hearsay/core.js
[0mCompiling "resources/public/js/compiled/app.js" from ["src/cljs"]...
WARNING: Use of undeclared Var hearsay.core/episodes-list at line 68 src/cljs/hearsay/core.cljs
WARNING: Use of undeclared Var hearsay.core/todos-list at line 69 src/cljs/hearsay/core.cljs
[32mSuccessfully compiled "resources/public/js/compiled/app.js" in 0.339 seconds.[0m
notifying browser that file changed:  /hearsay/core.js
[0mCompiling "resources/public/js/compiled/app.js" from ["src/cljs"]...
WARNING: Use of undeclared Var hearsay.core/episodes-list at line 68 src/cljs/hearsay/core.cljs
WARNING: Use of undeclared Var hearsay.core/todos-list at line 69 src/cljs/hearsay/core.cljs
[32mSuccessfully compiled "resources/public/js/compiled/app.js" in 0.409 seconds.[0m
notifying browser that file changed:  /hearsay/core.js
[0mCompiling "resources/public/js/compiled/app.js" from ["src/cljs"]...
WARNING: Use of undeclared Var hearsay.core/episodes-list at line 68 src/cljs/hearsay/core.cljs
WARNING: Use of undeclared Var hearsay.core/todos-list at line 69 src/cljs/hearsay/core.cljs
[32mSuccessfully compiled "resources/public/js/compiled/app.js" in 0.399 seconds.[0m
notifying browser that file changed:  /hearsay/core.js
[0mCompiling "resources/public/js/compiled/app.js" from ["src/cljs"]...
WARNING: Use of undeclared Var hearsay.core/episodes-list at line 68 src/cljs/hearsay/core.cljs
WARNING: Use of undeclared Var hearsay.core/todos-list at line 69 src/cljs/hearsay/core.cljs
[32mSuccessfully compiled "resources/public/js/compiled/app.js" in 0.419 seconds.[0m
notifying browser that file changed:  /hearsay/core.js
[0mCompiling "resources/public/js/compiled/app.js" from ["src/cljs"]...
WARNING: Use of undeclared Var hearsay.core/episodes-list at line 68 src/cljs/hearsay/core.cljs
WARNING: Use of undeclared Var hearsay.core/todos-list at line 69 src/cljs/hearsay/core.cljs
[32mSuccessfully compiled "resources/public/js/compiled/app.js" in 0.385 seconds.[0m
notifying browser that file changed:  /hearsay/core.js
[0mCompiling "resources/public/js/compiled/app.js" from ["src/cljs"]...
WARNING: Use of undeclared Var hearsay.core/episodes-list at line 68 src/cljs/hearsay/core.cljs
WARNING: Use of undeclared Var hearsay.core/todos-list at line 69 src/cljs/hearsay/core.cljs
[32mSuccessfully compiled "resources/public/js/compiled/app.js" in 0.343 seconds.[0m
notifying browser that file changed:  /hearsay/core.js
[0mCompiling "resources/public/js/compiled/app.js" from ["src/cljs"]...
WARNING: Use of undeclared Var hearsay.core/episodes-list at line 68 src/cljs/hearsay/core.cljs
WARNING: Use of undeclared Var hearsay.core/todos-list at line 69 src/cljs/hearsay/core.cljs
[32mSuccessfully compiled "resources/public/js/compiled/app.js" in 0.31 seconds.[0m
notifying browser that file changed:  /hearsay/core.js
[0mCompiling "resources/public/js/compiled/app.js" from ["src/cljs"]...
WARNING: Use of undeclared Var hearsay.core/episodes-list at line 68 src/cljs/hearsay/core.cljs
WARNING: Use of undeclared Var hearsay.core/todos-list at line 69 src/cljs/hearsay/core.cljs
[32mSuccessfully compiled "resources/public/js/compiled/app.js" in 0.399 seconds.[0m
notifying browser that file changed:  /hearsay/core.js
[0mCompiling "resources/public/js/compiled/app.js" from ["src/cljs"]...
WARNING: Use of undeclared Var hearsay.core/episodes-list at line 68 src/cljs/hearsay/core.cljs
WARNING: Use of undeclared Var hearsay.core/todos-list at line 69 src/cljs/hearsay/core.cljs
[32mSuccessfully compiled "resources/public/js/compiled/app.js" in 0.36 seconds.[0m
notifying browser that file changed:  /hearsay/core.js
[0mCompiling "resources/public/js/compiled/app.js" from ["src/cljs"]...
WARNING: Use of undeclared Var hearsay.core/episodes-list at line 68 src/cljs/hearsay/core.cljs
WARNING: Use of undeclared Var hearsay.core/todos-list at line 69 src/cljs/hearsay/core.cljs
[32mSuccessfully compiled "resources/public/js/compiled/app.js" in 0.464 seconds.[0m
notifying browser that file changed:  /hearsay/core.js
[0mCompiling "resources/public/js/compiled/app.js" from ["src/cljs"]...
WARNING: Use of undeclared Var hearsay.core/episodes-list at line 68 src/cljs/hearsay/core.cljs
WARNING: Use of undeclared Var hearsay.core/todos-list at line 69 src/cljs/hearsay/core.cljs
[32mSuccessfully compiled "resources/public/js/compiled/app.js" in 0.693 seconds.[0m
notifying browser that file changed:  /hearsay/core.js
[0mCompiling "resources/public/js/compiled/app.js" from ["src/cljs"]...
WARNING: Use of undeclared Var hearsay.core/episodes-list at line 68 src/cljs/hearsay/core.cljs
WARNING: Use of undeclared Var hearsay.core/todos-list at line 69 src/cljs/hearsay/core.cljs
[32mSuccessfully compiled "resources/public/js/compiled/app.js" in 0.407 seconds.[0m
notifying browser that file changed:  /hearsay/core.js
[0mCompiling "resources/public/js/compiled/app.js" from ["src/cljs"]...
WARNING: Use of undeclared Var hearsay.core/episodes-list at line 68 src/cljs/hearsay/core.cljs
WARNING: Use of undeclared Var hearsay.core/todos-list at line 69 src/cljs/hearsay/core.cljs
[32mSuccessfully compiled "resources/public/js/compiled/app.js" in 0.432 seconds.[0m
notifying browser that file changed:  /hearsay/core.js
[0mCompiling "resources/public/js/compiled/app.js" from ["src/cljs"]...
WARNING: Use of undeclared Var hearsay.core/episodes-list at line 70 src/cljs/hearsay/core.cljs
WARNING: Use of undeclared Var hearsay.core/todos-list at line 71 src/cljs/hearsay/core.cljs
[32mSuccessfully compiled "resources/public/js/compiled/app.js" in 0.49 seconds.[0m
notifying browser that file changed:  /hearsay/core.js
[0mCompiling "resources/public/js/compiled/app.js" from ["src/cljs"]...
WARNING: Use of undeclared Var hearsay.core/episodes-list at line 70 src/cljs/hearsay/core.cljs
WARNING: Use of undeclared Var hearsay.core/todos-list at line 71 src/cljs/hearsay/core.cljs
[32mSuccessfully compiled "resources/public/js/compiled/app.js" in 0.573 seconds.[0m
notifying browser that file changed:  /hearsay/core.js
[0mCompiling "resources/public/js/compiled/app.js" from ["src/cljs"]...
WARNING: Use of undeclared Var hearsay.core/episodes-list at line 70 src/cljs/hearsay/core.cljs
WARNING: Use of undeclared Var hearsay.core/todos-list at line 71 src/cljs/hearsay/core.cljs
[32mSuccessfully compiled "resources/public/js/compiled/app.js" in 0.375 seconds.[0m
notifying browser that file changed:  /hearsay/core.js
[0mCompiling "resources/public/js/compiled/app.js" from ["src/cljs"]...
WARNING: Wrong number of args (0) passed to cljs.core/map at line 28 src/cljs/hearsay/core.cljs
WARNING: Use of undeclared Var hearsay.core/episodes-list at line 70 src/cljs/hearsay/core.cljs
WARNING: Use of undeclared Var hearsay.core/todos-list at line 71 src/cljs/hearsay/core.cljs
[32mSuccessfully compiled "resources/public/js/compiled/app.js" in 0.336 seconds.[0m
notifying browser that file changed:  resources/public/js/compiled/out/cljs_deps.js
notifying browser that file changed:  /hearsay/core.js
[0mCompiling "resources/public/js/compiled/app.js" from ["src/cljs"]...
WARNING: Wrong number of args (0) passed to cljs.core/map at line 28 src/cljs/hearsay/core.cljs
WARNING: Use of undeclared Var hearsay.core/episodes-list at line 70 src/cljs/hearsay/core.cljs
WARNING: Use of undeclared Var hearsay.core/todos-list at line 71 src/cljs/hearsay/core.cljs
[32mSuccessfully compiled "resources/public/js/compiled/app.js" in 0.512 seconds.[0m
notifying browser that file changed:  resources/public/js/compiled/out/cljs_deps.js
notifying browser that file changed:  /hearsay/core.js
[0mCompiling "resources/public/js/compiled/app.js" from ["src/cljs"]...
WARNING: Wrong number of args (0) passed to cljs.core/map at line 28 src/cljs/hearsay/core.cljs
WARNING: Use of undeclared Var hearsay.core/episodes-list at line 71 src/cljs/hearsay/core.cljs
WARNING: Use of undeclared Var hearsay.core/todos-list at line 72 src/cljs/hearsay/core.cljs
[32mSuccessfully compiled "resources/public/js/compiled/app.js" in 0.461 seconds.[0m
notifying browser that file changed:  /hearsay/core.js
[0mCompiling "resources/public/js/compiled/app.js" from ["src/cljs"]...
WARNING: Wrong number of args (0) passed to cljs.core/map at line 28 src/cljs/hearsay/core.cljs
WARNING: Use of undeclared Var hearsay.core/episodes-list at line 71 src/cljs/hearsay/core.cljs
WARNING: Use of undeclared Var hearsay.core/todos-list at line 72 src/cljs/hearsay/core.cljs
[32mSuccessfully compiled "resources/public/js/compiled/app.js" in 0.346 seconds.[0m
notifying browser that file changed:  /hearsay/core.js
[0mCompiling "resources/public/js/compiled/app.js" from ["src/cljs"]...
WARNING: Use of undeclared Var hearsay.core/episodes-list at line 71 src/cljs/hearsay/core.cljs
WARNING: Use of undeclared Var hearsay.core/todos-list at line 72 src/cljs/hearsay/core.cljs
[32mSuccessfully compiled "resources/public/js/compiled/app.js" in 0.323 seconds.[0m
notifying browser that file changed:  /hearsay/core.js
[0mCompiling "resources/public/js/compiled/app.js" from ["src/cljs"]...
WARNING: Use of undeclared Var hearsay.core/episodes-list at line 72 src/cljs/hearsay/core.cljs
WARNING: Use of undeclared Var hearsay.core/todos-list at line 73 src/cljs/hearsay/core.cljs
[32mSuccessfully compiled "resources/public/js/compiled/app.js" in 0.367 seconds.[0m
notifying browser that file changed:  /hearsay/core.js
[0mCompiling "resources/public/js/compiled/app.js" from ["src/cljs"]...
WARNING: Use of undeclared Var hearsay.core/episodes-list at line 72 src/cljs/hearsay/core.cljs
WARNING: Use of undeclared Var hearsay.core/todos-list at line 73 src/cljs/hearsay/core.cljs
[32mSuccessfully compiled "resources/public/js/compiled/app.js" in 0.361 seconds.[0m
notifying browser that file changed:  /hearsay/core.js
[0mCompiling "resources/public/js/compiled/app.js" from ["src/cljs"]...
WARNING: Use of undeclared Var hearsay.core/episodes-list at line 70 src/cljs/hearsay/core.cljs
WARNING: Use of undeclared Var hearsay.core/todos-list at line 71 src/cljs/hearsay/core.cljs
[32mSuccessfully compiled "resources/public/js/compiled/app.js" in 0.365 seconds.[0m
notifying browser that file changed:  /hearsay/core.js
[0mCompiling "resources/public/js/compiled/app.js" from ["src/cljs"]...
WARNING: Use of undeclared Var hearsay.core/episodes-list at line 70 src/cljs/hearsay/core.cljs
WARNING: Use of undeclared Var hearsay.core/todos-list at line 71 src/cljs/hearsay/core.cljs
[32mSuccessfully compiled "resources/public/js/compiled/app.js" in 0.322 seconds.[0m
notifying browser that file changed:  /hearsay/core.js
[0mCompiling "resources/public/js/compiled/app.js" from ["src/cljs"]...
WARNING: Use of undeclared Var hearsay.core/episodes-list at line 70 src/cljs/hearsay/core.cljs
WARNING: Use of undeclared Var hearsay.core/todos-list at line 71 src/cljs/hearsay/core.cljs
[32mSuccessfully compiled "resources/public/js/compiled/app.js" in 0.518 seconds.[0m
notifying browser that file changed:  /hearsay/core.js
[0mCompiling "resources/public/js/compiled/app.js" from ["src/cljs"]...
WARNING: Use of undeclared Var hearsay.core/episodes-list at line 71 src/cljs/hearsay/core.cljs
WARNING: Use of undeclared Var hearsay.core/todos-list at line 72 src/cljs/hearsay/core.cljs
[32mSuccessfully compiled "resources/public/js/compiled/app.js" in 0.3 seconds.[0m
notifying browser that file changed:  /hearsay/core.js
[0mCompiling "resources/public/js/compiled/app.js" from ["src/cljs"]...
WARNING: Use of undeclared Var hearsay.core/episodes-list at line 71 src/cljs/hearsay/core.cljs
WARNING: Use of undeclared Var hearsay.core/todos-list at line 72 src/cljs/hearsay/core.cljs
[32mSuccessfully compiled "resources/public/js/compiled/app.js" in 0.48 seconds.[0m
notifying browser that file changed:  /hearsay/core.js
[0mCompiling "resources/public/js/compiled/app.js" from ["src/cljs"]...
WARNING: Use of undeclared Var hearsay.core/episodes-list at line 70 src/cljs/hearsay/core.cljs
WARNING: Use of undeclared Var hearsay.core/todos-list at line 71 src/cljs/hearsay/core.cljs
[32mSuccessfully compiled "resources/public/js/compiled/app.js" in 0.507 seconds.[0m
notifying browser that file changed:  /hearsay/core.js
